[2, 10, 4, 3, 8, 15, 6, 14, 12, 5, 13, 11, 1, 7, 0, 9];0.000213967475;bad
[2, 10, 4, 3, 8, 15, 6, 14, 12, 5, 13, 11, 1, 7, 0, 9];0.000213967475;bad
[2, 10, 4, 3, 8, 15, 6, 14, 12, 5, 13, 11, 1, 7, 0, 9];0.000213967475;bad
[2, 10, 4, 3, 8, 15, 6, 14, 12, 5, 13, 11, 1, 7, 0, 9];0.000213967475;bad
[8, 10, 12, 6, 15, 11, 7, 1, 14, 2, 4, 13, 3, 5, 0, 9];0.00021644195;bad
[0, 15, 7, 2, 4, 8, 9, 6, 11, 10, 5, 12, 14, 3, 1, 13];0.000212842675;bad
[11, 15, 8, 14, 7, 13, 2, 12, 1, 9, 5, 3, 6, 10, 0, 4];0.0002135924;bad
[15, 10, 2, 11, 0, 14, 1, 9, 8, 6, 13, 4, 5, 12, 7, 3];0.00021594185;bad
[12, 6, 3, 9, 7, 11, 1, 13, 14, 4, 10, 5, 8, 15, 2, 0];0.0002122168;bad
[12, 1, 2, 10, 11, 6, 0, 7, 8, 5, 3, 14, 9, 13, 4, 15];0.000212668125;bad
[10, 4, 6, 12, 9, 2, 14, 5, 7, 1, 11, 15, 3, 8, 0, 13];0.00021596655;bad
[2, 9, 6, 10, 11, 14, 5, 4, 13, 7, 12, 3, 8, 15, 0, 1];0.00021541825;bad
[3, 0, 4, 13, 12, 10, 9, 5, 7, 15, 2, 6, 14, 1, 11, 8];0.000219516625;bad
[15, 9, 10, 6, 0, 14, 8, 1, 4, 3, 2, 11, 7, 5, 13, 12];0.0002197168;bad
[15, 7, 12, 13, 1, 6, 14, 4, 10, 11, 0, 9, 2, 3, 5, 8];0.000214741275;bad
[3, 1, 8, 11, 2, 4, 12, 10, 6, 15, 14, 13, 5, 0, 7, 9];0.000218416975;bad
[6, 3, 10, 11, 1, 13, 0, 9, 4, 14, 8, 2, 5, 15, 7, 12];0.0002163665;bad
[14, 3, 5, 2, 8, 10, 15, 11, 7, 6, 0, 12, 4, 13, 9, 1];0.00021414265;bad
[11, 8, 2, 4, 10, 7, 3, 14, 13, 12, 6, 0, 1, 5, 9, 15];0.000215892625;bad
[8, 14, 15, 0, 1, 3, 13, 5, 4, 6, 2, 12, 7, 9, 10, 11];0.00021774195;bad
[11, 6, 9, 10, 12, 8, 4, 15, 2, 7, 5, 1, 13, 3, 14, 0];0.000215842525;bad
[13, 14, 15, 6, 9, 8, 12, 11, 1, 3, 4, 2, 0, 10, 5, 7];0.0002166676;bad
[9, 3, 5, 6, 4, 14, 1, 8, 13, 7, 2, 10, 12, 0, 11, 15];0.00021496705;bad
[10, 0, 1, 3, 2, 13, 14, 5, 11, 15, 4, 6, 7, 9, 12, 8];0.000217292425;bad
[11, 13, 5, 10, 12, 7, 14, 3, 1, 9, 8, 2, 4, 15, 6, 0];0.000215217025;bad
[9, 6, 1, 5, 13, 12, 3, 2, 11, 0, 4, 8, 7, 10, 14, 15];0.00021459165;bad
[9, 13, 4, 1, 7, 3, 12, 6, 8, 10, 5, 2, 11, 15, 14, 0];0.000214716925;bad
[14, 13, 11, 3, 2, 12, 10, 1, 8, 4, 0, 15, 7, 5, 6, 9];0.000216791925;bad
[14, 5, 12, 4, 11, 8, 7, 0, 3, 13, 1, 10, 2, 15, 6, 9];0.000215916575;bad
[0, 4, 13, 15, 3, 8, 9, 14, 10, 6, 2, 7, 11, 12, 1, 5];0.000213842425;bad
[14, 12, 0, 13, 4, 1, 11, 15, 9, 5, 7, 10, 8, 2, 3, 6];0.000215716775;bad
[13, 1, 2, 12, 14, 10, 11, 5, 6, 8, 4, 3, 0, 15, 7, 9];0.00021321665;bad
[11, 8, 9, 5, 14, 0, 3, 13, 6, 2, 12, 10, 7, 15, 4, 1];0.000215566825;bad
[6, 11, 12, 15, 0, 2, 5, 8, 4, 1, 9, 10, 13, 14, 3, 7];0.000214892525;bad
[1, 14, 8, 10, 11, 6, 13, 0, 2, 12, 3, 7, 9, 4, 15, 5];0.00021424135;bad
[3, 5, 8, 14, 7, 9, 4, 12, 11, 2, 15, 1, 6, 13, 0, 10];0.000215392425;bad
[1, 15, 8, 11, 13, 3, 14, 0, 2, 5, 6, 9, 7, 10, 12, 4];0.000214916575;bad
[14, 11, 2, 10, 15, 1, 13, 4, 3, 12, 9, 8, 5, 0, 6, 7];0.00021411685;bad
[8, 3, 10, 12, 7, 2, 14, 5, 6, 0, 9, 15, 1, 13, 4, 11];0.000216116575;bad
[0, 4, 6, 9, 15, 8, 2, 3, 10, 11, 13, 12, 7, 5, 1, 14];0.000211918175;bad
[7, 6, 13, 8, 9, 0, 14, 4, 12, 2, 3, 15, 10, 1, 11, 5];0.0002151914;bad
[0, 11, 9, 4, 13, 3, 2, 1, 14, 15, 5, 6, 7, 12, 8, 10];0.00021361695;bad
[14, 3, 0, 12, 11, 8, 10, 7, 6, 9, 13, 4, 5, 1, 15, 2];0.000214816825;bad
[0, 1, 10, 6, 8, 13, 11, 4, 3, 9, 14, 7, 15, 12, 2, 5];0.00021421815;bad
[4, 9, 15, 7, 5, 0, 14, 11, 8, 2, 1, 13, 10, 3, 6, 12];0.0002150426;bad
[2, 10, 4, 3, 8, 15, 6, 14, 12, 5, 13, 11, 1, 7, 0, 9];0.001069767475;bad
[2, 10, 4, 3, 8, 15, 6, 14, 12, 5, 13, 11, 1, 7, 0, 9];0.001069767475;bad
[8, 10, 12, 6, 15, 11, 7, 1, 14, 2, 4, 13, 3, 5, 0, 9];0.00108214195;bad
[0, 15, 7, 2, 4, 8, 9, 6, 11, 10, 5, 12, 14, 3, 1, 13];0.001064142675;bad
[11, 15, 8, 14, 7, 13, 2, 12, 1, 9, 5, 3, 6, 10, 0, 4];0.0010678924;bad
[15, 10, 2, 11, 0, 14, 1, 9, 8, 6, 13, 4, 5, 12, 7, 3];0.00107964185;bad
[12, 6, 3, 9, 7, 11, 1, 13, 14, 4, 10, 5, 8, 15, 2, 0];0.0010610168;bad
[12, 1, 2, 10, 11, 6, 0, 7, 8, 5, 3, 14, 9, 13, 4, 15];0.001063268125;bad
[10, 4, 6, 12, 9, 2, 14, 5, 7, 1, 11, 15, 3, 8, 0, 13];0.00107976655;bad
[2, 9, 6, 10, 11, 14, 5, 4, 13, 7, 12, 3, 8, 15, 0, 1];0.00107701825;bad
[3, 0, 4, 13, 12, 10, 9, 5, 7, 15, 2, 6, 14, 1, 11, 8];0.001097516625;bad
[15, 9, 10, 6, 0, 14, 8, 1, 4, 3, 2, 11, 7, 5, 13, 12];0.0010985168;bad
[15, 7, 12, 13, 1, 6, 14, 4, 10, 11, 0, 9, 2, 3, 5, 8];0.001073641275;bad
[3, 1, 8, 11, 2, 4, 12, 10, 6, 15, 14, 13, 5, 0, 7, 9];0.001092016975;bad
[6, 3, 10, 11, 1, 13, 0, 9, 4, 14, 8, 2, 5, 15, 7, 12];0.0010817665;bad
[14, 3, 5, 2, 8, 10, 15, 11, 7, 6, 0, 12, 4, 13, 9, 1];0.00107064265;bad
[11, 8, 2, 4, 10, 7, 3, 14, 13, 12, 6, 0, 1, 5, 9, 15];0.001079392625;bad
[8, 14, 15, 0, 1, 3, 13, 5, 4, 6, 2, 12, 7, 9, 10, 11];0.00108864195;bad
[11, 6, 9, 10, 12, 8, 4, 15, 2, 7, 5, 1, 13, 3, 14, 0];0.001079142525;bad
[13, 14, 15, 6, 9, 8, 12, 11, 1, 3, 4, 2, 0, 10, 5, 7];0.0010832676;bad
[9, 3, 5, 6, 4, 14, 1, 8, 13, 7, 2, 10, 12, 0, 11, 15];0.00107476705;bad
[10, 0, 1, 3, 2, 13, 14, 5, 11, 15, 4, 6, 7, 9, 12, 8];0.001086392425;bad
[11, 13, 5, 10, 12, 7, 14, 3, 1, 9, 8, 2, 4, 15, 6, 0];0.001076017025;bad
[9, 6, 1, 5, 13, 12, 3, 2, 11, 0, 4, 8, 7, 10, 14, 15];0.00107289165;bad
[9, 13, 4, 1, 7, 3, 12, 6, 8, 10, 5, 2, 11, 15, 14, 0];0.001073516925;bad
[14, 13, 11, 3, 2, 12, 10, 1, 8, 4, 0, 15, 7, 5, 6, 9];0.001083891925;bad
[14, 5, 12, 4, 11, 8, 7, 0, 3, 13, 1, 10, 2, 15, 6, 9];0.001079516575;bad
[0, 4, 13, 15, 3, 8, 9, 14, 10, 6, 2, 7, 11, 12, 1, 5];0.001069142425;bad
[14, 12, 0, 13, 4, 1, 11, 15, 9, 5, 7, 10, 8, 2, 3, 6];0.001078516775;bad
[13, 1, 2, 12, 14, 10, 11, 5, 6, 8, 4, 3, 0, 15, 7, 9];0.00106601665;bad
[11, 8, 9, 5, 14, 0, 3, 13, 6, 2, 12, 10, 7, 15, 4, 1];0.001077766825;bad
[6, 11, 12, 15, 0, 2, 5, 8, 4, 1, 9, 10, 13, 14, 3, 7];0.001074392525;bad
[1, 14, 8, 10, 11, 6, 13, 0, 2, 12, 3, 7, 9, 4, 15, 5];0.00107114135;bad
[3, 5, 8, 14, 7, 9, 4, 12, 11, 2, 15, 1, 6, 13, 0, 10];0.001076892425;bad
[1, 15, 8, 11, 13, 3, 14, 0, 2, 5, 6, 9, 7, 10, 12, 4];0.001074516575;bad
[14, 11, 2, 10, 15, 1, 13, 4, 3, 12, 9, 8, 5, 0, 6, 7];0.00107051685;bad
[8, 3, 10, 12, 7, 2, 14, 5, 6, 0, 9, 15, 1, 13, 4, 11];0.001080516575;bad
[0, 4, 6, 9, 15, 8, 2, 3, 10, 11, 13, 12, 7, 5, 1, 14];0.001059518175;bad
[7, 6, 13, 8, 9, 0, 14, 4, 12, 2, 3, 15, 10, 1, 11, 5];0.0010758914;bad
[0, 11, 9, 4, 13, 3, 2, 1, 14, 15, 5, 6, 7, 12, 8, 10];0.00106801695;bad
[14, 3, 0, 12, 11, 8, 10, 7, 6, 9, 13, 4, 5, 1, 15, 2];0.001074016825;bad
[0, 1, 10, 6, 8, 13, 11, 4, 3, 9, 14, 7, 15, 12, 2, 5];0.00107101815;bad
[4, 9, 15, 7, 5, 0, 14, 11, 8, 2, 1, 13, 10, 3, 6, 12];0.0010751426;bad
[2, 6, 3, 8, 1, 13, 0, 14, 10, 15, 11, 9, 7, 5, 12, 4];0.001098642075;bad
[8, 15, 11, 6, 3, 7, 1, 4, 12, 0, 5, 2, 14, 9, 13, 10];0.0010790168;bad
[6, 7, 4, 0, 10, 2, 11, 1, 5, 8, 14, 15, 9, 13, 3, 12];0.00106589195;bad
[1, 4, 9, 7, 11, 12, 15, 8, 3, 14, 6, 10, 0, 13, 5, 2];0.0010673921;bad
[6, 9, 11, 2, 10, 5, 15, 4, 13, 1, 14, 7, 0, 3, 12, 8];0.001087640925;bad
[6, 8, 9, 4, 5, 11, 15, 14, 3, 12, 2, 0, 1, 13, 10, 7];0.001058768175;bad
[8, 4, 1, 10, 6, 7, 15, 9, 12, 14, 13, 2, 11, 5, 3, 0];0.001089766975;bad
[0, 3, 15, 11, 9, 4, 14, 5, 10, 8, 12, 1, 6, 13, 2, 7];0.0010722679;bad
[12, 8, 4, 5, 10, 7, 9, 1, 13, 0, 3, 6, 15, 2, 14, 11];0.001077392325;bad
[2, 5, 14, 7, 8, 1, 10, 13, 0, 15, 3, 9, 6, 11, 4, 12];0.001074641375;bad
[14, 3, 9, 12, 2, 1, 8, 6, 4, 13, 7, 15, 0, 11, 5, 10];0.001071767025;bad
[0, 15, 14, 12, 10, 5, 1, 3, 6, 2, 11, 8, 4, 9, 7, 13];0.001073017225;bad
[11, 0, 3, 9, 6, 14, 5, 8, 10, 15, 13, 7, 12, 2, 1, 4];0.001078891925;bad
[3, 0, 4, 6, 2, 8, 1, 15, 12, 5, 9, 14, 13, 11, 10, 7];0.001076892425;bad
[1, 8, 11, 0, 6, 10, 4, 2, 12, 5, 15, 9, 14, 7, 3, 13];0.0010845171;bad
[11, 13, 9, 14, 5, 10, 15, 0, 8, 4, 2, 7, 3, 1, 12, 6];0.001077141775;bad
[8, 10, 6, 9, 15, 13, 7, 12, 11, 14, 2, 3, 5, 0, 1, 4];0.00109364265;bad
[12, 9, 14, 1, 0, 13, 10, 2, 11, 7, 5, 6, 4, 3, 8, 15];0.001067142975;bad
[1, 5, 0, 4, 7, 13, 14, 8, 6, 11, 15, 12, 3, 9, 2, 10];0.001075266925;bad
[4, 10, 5, 8, 15, 0, 7, 6, 13, 12, 1, 9, 3, 2, 11, 14];0.001070517675;bad
[2, 5, 0, 9, 4, 3, 6, 14, 10, 7, 8, 15, 13, 12, 11, 1];0.001073517425;bad
[5, 8, 13, 14, 6, 2, 3, 7, 9, 1, 0, 15, 11, 10, 4, 12];0.00108376765;bad
[12, 11, 6, 3, 10, 13, 5, 1, 2, 8, 4, 0, 14, 9, 7, 15];0.001076392875;bad
[4, 8, 14, 12, 9, 0, 2, 3, 11, 7, 1, 5, 10, 6, 15, 13];0.0010773914;bad
[15, 1, 8, 12, 3, 13, 4, 7, 0, 5, 6, 10, 11, 14, 9, 2];0.00107351695;bad
[5, 15, 13, 6, 12, 1, 11, 2, 9, 7, 3, 10, 0, 4, 14, 8];0.001063392825;bad
[9, 15, 11, 14, 10, 1, 4, 13, 6, 3, 0, 7, 12, 5, 8, 2];0.001075517025;bad
[3, 7, 12, 15, 6, 2, 8, 4, 14, 5, 1, 11, 10, 13, 0, 9];0.0010705159;bad
[15, 13, 9, 14, 11, 12, 8, 0, 4, 1, 2, 10, 7, 6, 3, 5];0.001072268175;bad
[15, 5, 14, 7, 12, 8, 10, 1, 2, 6, 11, 13, 0, 4, 9, 3];0.001062143025;bad
[1, 5, 7, 4, 11, 12, 0, 15, 9, 6, 8, 13, 14, 3, 10, 2];0.0010733918;bad
[5, 12, 13, 2, 6, 15, 8, 9, 0, 4, 7, 3, 10, 14, 11, 1];0.00107501665;bad
[6, 4, 11, 8, 1, 7, 5, 12, 0, 3, 14, 15, 13, 2, 9, 10];0.001075017125;bad
[8, 7, 11, 9, 3, 5, 13, 0, 6, 2, 15, 14, 4, 12, 1, 10];0.001074641575;bad
[3, 1, 6, 7, 12, 15, 8, 4, 9, 5, 13, 14, 10, 2, 0, 11];0.001079517375;bad
[2, 9, 11, 13, 8, 10, 14, 3, 7, 12, 1, 5, 6, 0, 4, 15];0.001084641925;bad
[0, 4, 8, 14, 5, 10, 11, 12, 2, 9, 6, 15, 1, 7, 3, 13];0.001080642425;bad
[15, 11, 3, 4, 1, 8, 7, 5, 14, 10, 13, 6, 9, 0, 2, 12];0.0010607681;bad
[5, 1, 2, 13, 7, 6, 4, 3, 12, 14, 11, 15, 9, 0, 8, 10];0.001085016425;bad
[9, 13, 6, 10, 5, 1, 11, 12, 7, 4, 3, 8, 14, 15, 2, 0];0.00107039155;bad
[15, 11, 10, 5, 14, 12, 0, 1, 3, 8, 9, 2, 6, 13, 4, 7];0.001100142575;bad
[5, 10, 11, 9, 15, 4, 13, 6, 8, 2, 14, 0, 12, 3, 1, 7];0.001078767175;bad
[3, 13, 0, 12, 10, 11, 6, 1, 8, 15, 4, 7, 9, 2, 5, 14];0.00107639255;bad
[11, 12, 5, 10, 15, 9, 3, 8, 7, 14, 6, 1, 0, 2, 13, 4];0.00108189225;bad
[9, 15, 11, 6, 1, 10, 12, 8, 2, 5, 4, 14, 7, 0, 13, 3];0.001068892375;bad
[7, 3, 8, 9, 4, 14, 13, 15, 2, 10, 12, 1, 11, 5, 6, 0];0.0010703923;bad
[6, 5, 3, 14, 10, 12, 13, 7, 0, 4, 8, 2, 11, 1, 9, 15];0.001076017375;bad
[10, 1, 4, 8, 11, 5, 7, 9, 13, 12, 0, 15, 6, 3, 14, 2];0.0010625179;bad
[3, 14, 6, 2, 4, 9, 7, 0, 10, 8, 11, 12, 5, 15, 1, 13];0.001070766875;bad
[8, 0, 12, 9, 7, 13, 3, 15, 4, 6, 2, 10, 14, 11, 1, 5];0.001069267075;bad
[15, 14, 7, 12, 0, 3, 4, 5, 2, 8, 13, 10, 11, 9, 6, 1];0.0010676418;bad
[15, 1, 7, 9, 8, 10, 14, 13, 6, 2, 12, 5, 4, 11, 0, 3];0.00108864155;bad
[8, 5, 15, 7, 4, 0, 14, 1, 11, 2, 10, 9, 12, 13, 3, 6];0.00106226775;bad
[6, 12, 0, 2, 3, 13, 1, 4, 11, 7, 9, 14, 10, 15, 8, 5];0.0010838914;bad
[13, 8, 12, 1, 11, 4, 3, 14, 9, 10, 0, 7, 2, 6, 15, 5];0.00106539255;bad
[6, 10, 2, 3, 15, 7, 9, 0, 8, 5, 1, 14, 13, 11, 4, 12];0.001076517525;bad
[11, 0, 7, 9, 5, 12, 6, 14, 10, 4, 8, 13, 3, 2, 1, 15];0.001078892075;bad
[9, 14, 7, 12, 10, 6, 15, 1, 2, 0, 5, 13, 4, 11, 8, 3];0.001086892475;bad
[12, 13, 9, 6, 2, 4, 8, 7, 5, 14, 0, 15, 10, 3, 1, 11];0.001078142075;bad
[1, 4, 15, 11, 14, 5, 13, 2, 10, 12, 8, 7, 0, 6, 3, 9];0.00107376725;bad
[1, 13, 7, 5, 0, 14, 10, 8, 4, 6, 2, 12, 9, 11, 3, 15];0.00107376665;bad
[10, 2, 0, 14, 11, 13, 6, 8, 12, 7, 4, 5, 3, 9, 15, 1];0.001071517;bad
[10, 9, 7, 6, 3, 2, 14, 12, 5, 0, 15, 1, 11, 4, 8, 13];0.00107601715;bad
[8, 1, 10, 0, 5, 7, 9, 11, 13, 14, 15, 4, 2, 3, 12, 6];0.001092392625;bad
[4, 2, 7, 9, 1, 6, 10, 5, 14, 3, 15, 0, 13, 8, 11, 12];0.0010723918;bad
[12, 2, 4, 7, 0, 11, 14, 6, 1, 10, 3, 15, 5, 13, 9, 8];0.0010672678;bad
[12, 3, 13, 9, 6, 10, 2, 11, 7, 8, 5, 14, 0, 4, 1, 15];0.001069143425;bad
[4, 6, 10, 8, 5, 3, 0, 2, 12, 14, 11, 1, 7, 13, 9, 15];0.001068392125;bad
[6, 8, 2, 7, 12, 10, 0, 3, 4, 1, 5, 11, 15, 9, 13, 14];0.0010736419;bad
[1, 6, 7, 13, 0, 3, 5, 15, 14, 12, 2, 11, 8, 10, 4, 9];0.001073891775;bad
[12, 15, 6, 3, 8, 4, 7, 0, 1, 5, 14, 2, 11, 9, 10, 13];0.00106489335;bad
[9, 10, 2, 3, 14, 5, 13, 7, 15, 12, 6, 1, 0, 11, 4, 8];0.001076267475;bad
[8, 13, 2, 7, 3, 5, 4, 6, 11, 9, 14, 12, 15, 10, 0, 1];0.001085267825;bad
[8, 13, 3, 14, 5, 11, 15, 9, 0, 10, 6, 7, 12, 2, 1, 4];0.00107589245;bad
[12, 13, 6, 4, 5, 2, 3, 8, 14, 0, 9, 7, 10, 1, 15, 11];0.0010872666;bad
[9, 2, 8, 1, 7, 10, 11, 4, 3, 0, 13, 6, 15, 5, 14, 12];0.0010741423;bad
[15, 3, 11, 13, 10, 5, 0, 2, 8, 7, 14, 12, 1, 6, 9, 4];0.00106376735;bad
[14, 10, 5, 2, 12, 1, 7, 4, 9, 13, 8, 15, 6, 0, 3, 11];0.0010741428;bad
[12, 11, 15, 4, 14, 10, 13, 9, 2, 7, 3, 6, 0, 5, 1, 8];0.0010752676;bad
[3, 9, 7, 6, 0, 14, 10, 1, 8, 11, 12, 4, 13, 15, 2, 5];0.001069892325;bad
[2, 9, 8, 1, 4, 6, 3, 10, 0, 12, 11, 15, 13, 14, 7, 5];0.001076642575;bad
[8, 10, 12, 13, 2, 11, 14, 0, 6, 4, 9, 15, 7, 1, 3, 5];0.001070392475;bad
[5, 8, 2, 1, 14, 11, 9, 12, 4, 15, 3, 10, 6, 13, 0, 7];0.0010690169;bad
[9, 6, 0, 12, 13, 7, 10, 3, 8, 5, 4, 2, 15, 11, 1, 14];0.00106864195;bad
[13, 14, 12, 4, 2, 6, 9, 3, 0, 1, 15, 5, 10, 8, 7, 11];0.00108951645;bad
[2, 7, 5, 1, 11, 15, 10, 0, 6, 12, 8, 13, 9, 4, 14, 3];0.00106939175;bad
[14, 4, 2, 7, 0, 5, 11, 15, 13, 1, 6, 9, 12, 8, 10, 3];0.001071017575;bad
[15, 12, 13, 4, 1, 8, 11, 3, 7, 5, 0, 10, 6, 2, 9, 14];0.00107526715;bad
[5, 15, 3, 8, 14, 6, 0, 13, 12, 7, 2, 10, 11, 4, 9, 1];0.001071767375;bad
[3, 14, 2, 7, 15, 0, 4, 6, 10, 1, 13, 9, 11, 8, 12, 5];0.001065142475;bad
[2, 3, 13, 14, 11, 6, 10, 1, 12, 4, 9, 8, 0, 7, 5, 15];0.001067642525;bad
[13, 0, 2, 4, 9, 3, 11, 8, 14, 7, 1, 12, 10, 5, 6, 15];0.001078517025;bad
[10, 3, 14, 12, 7, 8, 2, 9, 1, 13, 4, 11, 15, 6, 0, 5];0.00106039205;bad
[11, 14, 9, 5, 0, 12, 1, 8, 10, 2, 3, 4, 13, 6, 15, 7];0.001088267125;bad
[13, 4, 14, 5, 6, 9, 12, 7, 1, 11, 10, 8, 15, 2, 0, 3];0.001068767625;bad
[4, 9, 8, 11, 13, 15, 6, 10, 2, 7, 1, 14, 3, 12, 5, 0];0.00108451615;bad
[0, 1, 7, 6, 5, 14, 11, 8, 9, 12, 15, 2, 4, 3, 10, 13];0.001068142525;bad
[12, 15, 9, 5, 4, 2, 0, 8, 6, 3, 13, 1, 14, 11, 7, 10];0.00108576705;bad
[11, 10, 4, 8, 5, 7, 12, 13, 15, 6, 1, 2, 14, 0, 9, 3];0.00107126765;bad
[15, 12, 3, 4, 14, 9, 0, 1, 13, 2, 10, 8, 5, 6, 11, 7];0.001070517825;bad
[12, 14, 0, 13, 7, 15, 9, 8, 6, 1, 3, 11, 4, 5, 10, 2];0.001070392875;bad
[4, 15, 9, 7, 10, 3, 14, 1, 13, 6, 11, 0, 5, 8, 2, 12];0.001073392375;bad
[2, 11, 3, 15, 6, 9, 12, 0, 8, 4, 5, 13, 10, 7, 14, 1];0.00106764195;bad
[0, 9, 1, 6, 3, 12, 15, 14, 5, 7, 10, 4, 2, 13, 8, 11];0.001075517775;bad
[12, 10, 6, 1, 15, 4, 9, 8, 14, 3, 11, 5, 7, 13, 0, 2];0.0010733918;bad
[13, 0, 9, 8, 2, 3, 4, 15, 7, 5, 11, 6, 14, 10, 1, 12];0.001069266775;bad
[1, 7, 0, 5, 6, 15, 12, 14, 8, 3, 10, 9, 2, 11, 13, 4];0.00106701815;bad
[10, 2, 4, 7, 6, 3, 1, 12, 15, 5, 9, 13, 11, 0, 8, 14];0.0010610181;bad
[12, 3, 4, 5, 15, 0, 6, 7, 10, 9, 2, 14, 8, 11, 1, 13];0.001070767575;bad
[11, 2, 4, 5, 3, 0, 7, 12, 8, 1, 10, 13, 9, 6, 15, 14];0.00107639205;bad
[14, 1, 9, 13, 4, 6, 15, 10, 2, 7, 11, 0, 8, 3, 12, 5];0.001070267025;bad
[7, 6, 1, 11, 8, 4, 9, 14, 3, 10, 13, 0, 15, 2, 12, 5];0.001072141925;bad
[4, 12, 0, 2, 1, 8, 6, 5, 7, 15, 9, 14, 13, 3, 11, 10];0.001078518625;bad
[7, 3, 6, 11, 5, 0, 9, 2, 1, 12, 13, 8, 10, 14, 15, 4];0.00107201665;bad
[9, 0, 2, 4, 6, 11, 15, 7, 8, 3, 5, 14, 12, 13, 1, 10];0.00107676665;bad
[4, 9, 13, 14, 1, 15, 11, 5, 12, 8, 10, 0, 2, 7, 6, 3];0.00107401675;bad
[13, 2, 15, 7, 9, 5, 3, 6, 0, 4, 1, 8, 14, 10, 12, 11];0.001075768125;bad
[9, 5, 0, 2, 14, 12, 1, 8, 15, 7, 13, 10, 4, 11, 6, 3];0.0010740174;bad
[13, 9, 0, 11, 15, 3, 1, 2, 8, 12, 6, 5, 7, 10, 4, 14];0.0010843917;bad
[4, 0, 15, 3, 10, 2, 9, 14, 1, 7, 8, 12, 13, 6, 5, 11];0.0010720174;bad
[4, 14, 0, 8, 7, 10, 12, 6, 5, 9, 3, 2, 1, 15, 13, 11];0.00106576755;bad
[13, 15, 11, 3, 0, 1, 10, 2, 12, 9, 6, 14, 7, 4, 5, 8];0.0010715182;bad
[14, 4, 9, 1, 0, 2, 15, 6, 11, 12, 3, 7, 8, 5, 13, 10];0.001072767725;bad
[11, 9, 0, 6, 7, 4, 1, 3, 2, 12, 14, 5, 13, 8, 10, 15];0.0010808916;bad
[6, 12, 1, 15, 2, 5, 7, 3, 13, 14, 8, 11, 9, 0, 10, 4];0.001066516925;bad
[12, 7, 9, 11, 5, 4, 13, 14, 6, 3, 1, 2, 15, 8, 0, 10];0.001087642025;bad
[13, 14, 4, 15, 12, 0, 9, 5, 1, 2, 11, 6, 10, 8, 7, 3];0.0010815161;bad
[0, 7, 14, 4, 13, 9, 1, 8, 3, 6, 15, 2, 12, 5, 10, 11];0.001079016875;bad
[9, 15, 13, 7, 12, 8, 6, 1, 11, 10, 0, 5, 14, 4, 3, 2];0.00108114215;bad
[0, 6, 9, 4, 10, 3, 1, 2, 15, 7, 11, 8, 13, 14, 5, 12];0.00108539135;bad
[3, 7, 4, 5, 11, 2, 13, 1, 14, 0, 8, 9, 15, 10, 6, 12];0.0010783921;bad
[11, 1, 5, 15, 14, 3, 10, 7, 2, 9, 8, 13, 12, 6, 4, 0];0.001078642425;bad
[6, 10, 13, 14, 11, 3, 2, 1, 0, 9, 4, 7, 8, 5, 15, 12];0.00107601725;bad
[5, 15, 9, 0, 7, 10, 2, 14, 3, 4, 8, 1, 13, 6, 11, 12];0.0010743925;bad
[11, 5, 3, 4, 8, 1, 15, 0, 10, 14, 2, 9, 13, 6, 12, 7];0.00107539235;bad
[11, 9, 7, 0, 12, 8, 5, 3, 13, 10, 2, 15, 1, 4, 14, 6];0.0010653926;bad
[4, 3, 15, 12, 9, 6, 14, 10, 8, 5, 7, 2, 11, 1, 13, 0];0.001073642575;bad
[10, 4, 8, 12, 15, 5, 9, 11, 1, 14, 6, 13, 0, 7, 2, 3];0.0010717671;bad
[8, 11, 5, 10, 3, 7, 13, 14, 0, 4, 1, 12, 6, 2, 9, 15];0.001070267675;bad
[13, 9, 14, 10, 11, 3, 15, 5, 8, 1, 12, 2, 7, 6, 0, 4];0.001070767875;bad
[4, 3, 10, 5, 14, 8, 0, 11, 12, 15, 13, 1, 6, 2, 7, 9];0.001074391775;bad
[11, 13, 15, 4, 8, 3, 9, 12, 2, 14, 5, 6, 10, 7, 0, 1];0.0010881423;bad
[4, 6, 14, 10, 15, 3, 0, 11, 7, 13, 8, 9, 2, 12, 5, 1];0.001063268025;bad
[5, 1, 8, 11, 0, 7, 12, 4, 15, 3, 6, 2, 9, 14, 13, 10];0.0010710172;bad
[3, 0, 9, 4, 1, 11, 13, 5, 10, 8, 7, 6, 14, 12, 2, 15];0.0010790164;bad
[2, 6, 9, 15, 8, 14, 1, 13, 0, 7, 5, 4, 3, 12, 10, 11];0.00107914235;bad
[7, 5, 12, 13, 2, 11, 0, 6, 10, 4, 3, 8, 15, 9, 14, 1];0.001066517525;bad
[15, 1, 0, 4, 9, 11, 8, 10, 6, 7, 14, 13, 5, 12, 3, 2];0.001075143225;bad
[11, 1, 8, 13, 15, 12, 4, 7, 6, 10, 9, 14, 2, 0, 5, 3];0.001078767725;bad
[0, 6, 14, 2, 1, 5, 10, 15, 11, 12, 3, 4, 8, 9, 13, 7];0.0010650173;bad
[2, 1, 0, 15, 5, 14, 8, 10, 12, 3, 4, 6, 7, 9, 13, 11];0.001065893425;bad
[13, 14, 6, 1, 3, 12, 2, 0, 10, 7, 8, 11, 9, 5, 15, 4];0.0010825171;bad
[13, 1, 15, 14, 7, 11, 0, 3, 10, 5, 2, 12, 9, 4, 8, 6];0.001076767325;bad
[12, 10, 8, 7, 9, 14, 13, 15, 2, 0, 6, 11, 5, 3, 4, 1];0.00106639215;bad
[14, 3, 0, 7, 4, 15, 13, 9, 2, 8, 12, 6, 11, 1, 5, 10];0.00107876685;bad
[12, 7, 15, 4, 14, 6, 3, 0, 8, 5, 2, 11, 1, 9, 10, 13];0.001076392475;bad
[3, 15, 5, 4, 12, 1, 7, 11, 8, 6, 0, 2, 10, 13, 14, 9];0.0010746415;bad
[5, 7, 11, 6, 12, 4, 1, 9, 8, 13, 14, 10, 0, 2, 3, 15];0.00106614175;bad
[6, 9, 5, 7, 0, 1, 4, 10, 15, 13, 3, 12, 11, 8, 2, 14];0.00107101845;bad
[13, 5, 2, 6, 4, 11, 9, 14, 15, 7, 8, 1, 0, 10, 3, 12];0.001084642075;bad
[2, 12, 4, 6, 5, 13, 15, 14, 7, 3, 11, 9, 0, 10, 1, 8];0.001077392625;bad
[10, 2, 4, 12, 15, 8, 11, 14, 5, 0, 9, 1, 3, 6, 13, 7];0.00108389225;bad
[8, 4, 10, 0, 5, 15, 1, 3, 2, 13, 12, 11, 9, 7, 6, 14];0.00108164175;bad
[11, 8, 12, 10, 6, 13, 4, 7, 14, 9, 1, 15, 5, 3, 2, 0];0.0010718919;bad
[0, 5, 9, 11, 7, 8, 12, 14, 15, 3, 6, 4, 10, 2, 1, 13];0.00107926725;bad
[11, 5, 14, 10, 2, 0, 1, 7, 4, 8, 15, 9, 13, 6, 12, 3];0.001083642225;bad
[0, 10, 3, 8, 4, 7, 9, 13, 6, 5, 14, 15, 2, 11, 12, 1];0.001088267;bad
[8, 9, 1, 7, 14, 6, 13, 5, 4, 10, 3, 2, 11, 15, 12, 0];0.0010832661;bad
[3, 13, 2, 8, 9, 10, 1, 0, 14, 7, 15, 12, 5, 11, 6, 4];0.00107439175;bad
[5, 12, 6, 3, 9, 14, 15, 4, 10, 7, 13, 0, 1, 2, 8, 11];0.00105914405;bad
[1, 15, 3, 9, 4, 0, 7, 6, 11, 8, 12, 14, 10, 2, 5, 13];0.001073391525;bad
[4, 13, 12, 5, 9, 2, 7, 8, 0, 6, 1, 14, 15, 11, 10, 3];0.0010766426;bad
[0, 12, 14, 4, 10, 7, 8, 1, 11, 15, 13, 3, 5, 9, 6, 2];0.001071141875;bad
[3, 0, 2, 12, 4, 7, 5, 8, 13, 10, 15, 11, 6, 1, 9, 14];0.0010752674;bad
[14, 6, 9, 5, 7, 4, 10, 13, 2, 8, 1, 11, 0, 3, 12, 15];0.0010785181;bad
[10, 6, 4, 5, 14, 11, 1, 0, 8, 13, 2, 15, 12, 7, 3, 9];0.001070517675;bad
[14, 13, 15, 3, 2, 12, 4, 7, 5, 9, 11, 1, 10, 6, 0, 8];0.001066767725;bad
[1, 6, 9, 3, 4, 13, 5, 2, 8, 11, 12, 0, 14, 7, 10, 15];0.001068267325;bad
[7, 2, 3, 1, 14, 11, 6, 5, 10, 8, 0, 15, 12, 9, 4, 13];0.001071517025;bad
[1, 4, 11, 14, 7, 0, 6, 9, 3, 10, 15, 8, 13, 5, 12, 2];0.001063268375;bad
[15, 10, 4, 13, 12, 7, 3, 14, 6, 8, 11, 1, 5, 9, 2, 0];0.001066268225;bad
[0, 2, 8, 5, 6, 14, 13, 4, 7, 11, 9, 1, 12, 15, 3, 10];0.001068017875;bad
[7, 13, 8, 14, 15, 1, 5, 6, 0, 12, 2, 11, 10, 3, 9, 4];0.001083141425;bad
[3, 0, 1, 12, 7, 2, 9, 10, 6, 8, 13, 4, 11, 15, 5, 14];0.001070892075;bad
[7, 9, 0, 13, 3, 8, 14, 1, 2, 12, 15, 4, 10, 11, 5, 6];0.001086392325;bad
[13, 10, 0, 7, 14, 11, 3, 2, 5, 6, 15, 9, 4, 1, 8, 12];0.00106726725;bad
[2, 12, 9, 15, 5, 11, 7, 8, 14, 3, 10, 13, 1, 6, 0, 4];0.001073893125;bad
[13, 14, 15, 3, 7, 0, 10, 2, 1, 11, 8, 12, 9, 6, 4, 5];0.001068767475;bad
[3, 5, 2, 7, 4, 15, 14, 13, 10, 9, 6, 8, 12, 1, 11, 0];0.001075392775;bad
[6, 2, 10, 13, 15, 12, 3, 9, 7, 14, 0, 5, 8, 4, 1, 11];0.001076642375;bad
[11, 15, 1, 5, 6, 2, 12, 9, 3, 0, 10, 14, 8, 4, 13, 7];0.001081391575;bad
[2, 4, 14, 3, 12, 5, 6, 1, 7, 11, 13, 0, 9, 15, 10, 8];0.0010657677;bad
[7, 13, 3, 5, 8, 1, 6, 14, 11, 9, 2, 15, 12, 0, 10, 4];0.001076017325;bad
[10, 15, 12, 7, 14, 1, 13, 0, 9, 6, 8, 11, 3, 5, 4, 2];0.0010802667;bad
[15, 12, 5, 6, 14, 2, 4, 0, 9, 11, 7, 13, 10, 1, 8, 3];0.0010678931;bad
[3, 0, 1, 12, 10, 15, 7, 5, 4, 2, 13, 11, 8, 14, 9, 6];0.001080642425;bad
[1, 5, 6, 10, 4, 13, 11, 3, 14, 0, 2, 8, 12, 7, 9, 15];0.00106789185;bad
[6, 5, 3, 8, 9, 15, 12, 0, 4, 7, 10, 14, 11, 13, 1, 2];0.001069141475;bad
[7, 6, 4, 10, 2, 12, 3, 8, 14, 5, 15, 9, 11, 1, 13, 0];0.0010690177;bad
[6, 3, 12, 0, 14, 10, 8, 4, 2, 1, 15, 11, 7, 5, 9, 13];0.0010738916;bad
[11, 1, 6, 12, 8, 10, 0, 2, 5, 4, 7, 3, 15, 14, 13, 9];0.00107426805;bad
[7, 2, 5, 4, 3, 6, 0, 15, 1, 11, 9, 8, 12, 13, 10, 14];0.001081767225;bad
[4, 8, 5, 11, 14, 15, 3, 13, 0, 9, 1, 2, 10, 7, 6, 12];0.00106801725;bad
[13, 5, 1, 6, 3, 12, 4, 2, 11, 15, 8, 9, 0, 7, 10, 14];0.001071767225;bad
[2, 10, 12, 6, 3, 15, 4, 11, 8, 5, 1, 0, 9, 7, 13, 14];0.0010791421;bad
[8, 9, 11, 4, 6, 14, 1, 0, 10, 15, 5, 13, 7, 2, 3, 12];0.001068643175;bad
[4, 12, 11, 5, 15, 6, 1, 7, 3, 8, 9, 2, 13, 10, 0, 14];0.001076891925;bad
[6, 9, 7, 10, 8, 1, 11, 4, 3, 14, 2, 15, 0, 12, 5, 13];0.00106476715;bad
[13, 7, 4, 10, 12, 9, 15, 11, 8, 3, 0, 2, 5, 1, 6, 14];0.001077642875;bad
[12, 7, 6, 3, 14, 9, 4, 2, 0, 13, 11, 15, 1, 8, 10, 5];0.001070892825;bad
[6, 0, 2, 9, 12, 4, 10, 1, 7, 8, 3, 11, 15, 13, 14, 5];0.001077142125;bad
[6, 14, 12, 5, 1, 0, 8, 7, 3, 2, 15, 4, 10, 9, 11, 13];0.001076517775;bad
[3, 4, 11, 13, 0, 2, 6, 15, 10, 1, 8, 12, 5, 14, 7, 9];0.0010678924;bad
[8, 13, 3, 4, 6, 0, 12, 10, 2, 11, 15, 1, 7, 5, 14, 9];0.001057143075;bad
[9, 10, 14, 3, 6, 12, 7, 0, 5, 11, 8, 2, 1, 4, 15, 13];0.00106001765;bad
[5, 3, 10, 15, 1, 11, 8, 13, 12, 14, 6, 2, 9, 0, 7, 4];0.001068767675;bad
[4, 12, 13, 6, 3, 2, 5, 11, 15, 9, 10, 0, 7, 14, 8, 1];0.001077267475;bad
[0, 13, 6, 3, 2, 5, 14, 11, 12, 9, 10, 7, 1, 15, 4, 8];0.00106576775;bad
[0, 13, 15, 11, 2, 9, 3, 12, 4, 14, 1, 10, 7, 6, 8, 5];0.001070392425;bad
[0, 8, 3, 13, 6, 7, 2, 14, 4, 10, 11, 9, 12, 1, 15, 5];0.00107376705;bad
[8, 4, 10, 11, 6, 15, 13, 2, 5, 7, 9, 1, 14, 12, 3, 0];0.001085142475;bad
[8, 4, 15, 5, 11, 14, 3, 9, 6, 1, 0, 2, 10, 12, 13, 7];0.0010735175;bad
[12, 4, 2, 13, 11, 10, 14, 1, 9, 5, 3, 7, 0, 6, 8, 15];0.001078017025;bad
[2, 11, 15, 1, 7, 13, 3, 5, 9, 0, 12, 8, 4, 10, 6, 14];0.0010718927;bad
[1, 2, 6, 0, 8, 5, 7, 15, 4, 12, 14, 11, 9, 13, 10, 3];0.001090392625;bad
[8, 5, 11, 9, 6, 0, 7, 13, 1, 2, 14, 15, 12, 3, 4, 10];0.001075266825;bad
[7, 6, 1, 3, 9, 15, 4, 11, 8, 0, 5, 2, 10, 13, 12, 14];0.0010777673;bad
[10, 13, 2, 0, 3, 11, 14, 12, 4, 15, 9, 8, 5, 6, 1, 7];0.00107476705;bad
[12, 4, 15, 14, 3, 6, 5, 0, 10, 1, 2, 7, 9, 8, 11, 13];0.00107726735;bad
[9, 12, 6, 15, 10, 8, 1, 2, 3, 0, 5, 11, 4, 14, 7, 13];0.00110139205;bad
[10, 4, 0, 1, 14, 12, 9, 13, 15, 6, 7, 11, 8, 2, 3, 5];0.001078517475;bad
[2, 14, 1, 10, 0, 9, 6, 8, 11, 12, 15, 5, 7, 4, 13, 3];0.00109089145;bad
[8, 6, 10, 5, 1, 15, 12, 11, 2, 7, 13, 9, 3, 0, 4, 14];0.001072141925;bad
[6, 8, 11, 1, 5, 3, 12, 9, 0, 15, 2, 14, 7, 10, 4, 13];0.001077891925;bad
[7, 5, 3, 2, 4, 1, 9, 14, 15, 10, 13, 8, 11, 0, 6, 12];0.00106839235;bad
[6, 4, 5, 1, 11, 7, 0, 13, 10, 8, 3, 9, 12, 14, 15, 2];0.001080766675;bad
[2, 1, 9, 0, 8, 15, 10, 13, 12, 4, 5, 3, 6, 14, 7, 11];0.001070017325;bad
[8, 3, 15, 0, 13, 11, 10, 12, 1, 4, 7, 5, 6, 9, 2, 14];0.001080391375;bad
[13, 14, 12, 4, 9, 15, 11, 7, 2, 5, 1, 3, 8, 0, 6, 10];0.00110626785;bad
[8, 3, 10, 7, 1, 14, 0, 13, 4, 2, 9, 5, 6, 15, 11, 12];0.00107889205;bad
[8, 15, 5, 13, 9, 1, 14, 12, 11, 4, 2, 7, 0, 6, 10, 3];0.0010680175;bad
[4, 13, 2, 10, 1, 8, 3, 5, 7, 9, 12, 11, 6, 15, 0, 14];0.001066018175;bad
[9, 6, 13, 0, 4, 14, 11, 15, 12, 2, 7, 8, 5, 1, 3, 10];0.001081642325;bad
[2, 3, 12, 0, 13, 6, 7, 5, 10, 11, 14, 8, 4, 9, 15, 1];0.001075017475;bad
[3, 2, 0, 9, 5, 12, 7, 6, 14, 1, 13, 15, 8, 11, 4, 10];0.0010728918;bad
[3, 7, 15, 13, 10, 0, 1, 2, 6, 11, 9, 4, 14, 8, 12, 5];0.001076267525;bad
[1, 3, 0, 7, 11, 13, 12, 2, 9, 14, 5, 6, 8, 4, 15, 10];0.0010786421;bad
[10, 5, 14, 4, 8, 3, 6, 0, 7, 13, 15, 12, 9, 2, 1, 11];0.00107176765;bad
[10, 9, 13, 11, 12, 2, 7, 1, 6, 4, 15, 8, 3, 14, 5, 0];0.001069142275;bad
[14, 1, 4, 8, 6, 3, 13, 5, 15, 7, 0, 9, 10, 12, 11, 2];0.001081266325;bad
[0, 14, 9, 6, 2, 12, 3, 4, 11, 8, 15, 5, 13, 1, 7, 10];0.001072642025;bad
[14, 7, 8, 2, 1, 15, 11, 4, 10, 0, 5, 9, 6, 13, 12, 3];0.0010708917;bad
[6, 15, 3, 8, 5, 0, 13, 1, 4, 14, 12, 7, 2, 9, 11, 10];0.001084265925;bad
[8, 0, 9, 15, 3, 14, 11, 2, 7, 13, 12, 4, 1, 10, 5, 6];0.001077267225;bad
[3, 6, 15, 7, 14, 10, 5, 2, 4, 0, 9, 13, 12, 1, 11, 8];0.001077767675;bad
[2, 4, 14, 9, 0, 3, 8, 15, 10, 6, 5, 7, 1, 12, 11, 13];0.00105689345;bad
[2, 10, 4, 3, 8, 15, 6, 14, 12, 5, 13, 11, 1, 7, 0, 9];0.000855817475;bad
[8, 10, 12, 6, 15, 11, 7, 1, 14, 2, 4, 13, 3, 5, 0, 9];0.00086571695;bad
[0, 15, 7, 2, 4, 8, 9, 6, 11, 10, 5, 12, 14, 3, 1, 13];0.000851317675;bad
[11, 15, 8, 14, 7, 13, 2, 12, 1, 9, 5, 3, 6, 10, 0, 4];0.0008543174;bad
[15, 10, 2, 11, 0, 14, 1, 9, 8, 6, 13, 4, 5, 12, 7, 3];0.00086371685;bad
[12, 6, 3, 9, 7, 11, 1, 13, 14, 4, 10, 5, 8, 15, 2, 0];0.0008488168;bad
[12, 1, 2, 10, 11, 6, 0, 7, 8, 5, 3, 14, 9, 13, 4, 15];0.000850618125;bad
[10, 4, 6, 12, 9, 2, 14, 5, 7, 1, 11, 15, 3, 8, 0, 13];0.00086381655;bad
[2, 9, 6, 10, 11, 14, 5, 4, 13, 7, 12, 3, 8, 15, 0, 1];0.00086161825;bad
[3, 0, 4, 13, 12, 10, 9, 5, 7, 15, 2, 6, 14, 1, 11, 8];0.000878016625;bad
[15, 9, 10, 6, 0, 14, 8, 1, 4, 3, 2, 11, 7, 5, 13, 12];0.0008788168;bad
[15, 7, 12, 13, 1, 6, 14, 4, 10, 11, 0, 9, 2, 3, 5, 8];0.000858916275;bad
[3, 1, 8, 11, 2, 4, 12, 10, 6, 15, 14, 13, 5, 0, 7, 9];0.000873616975;bad
[6, 3, 10, 11, 1, 13, 0, 9, 4, 14, 8, 2, 5, 15, 7, 12];0.0008654165;bad
[14, 3, 5, 2, 8, 10, 15, 11, 7, 6, 0, 12, 4, 13, 9, 1];0.00085651765;bad
[11, 8, 2, 4, 10, 7, 3, 14, 13, 12, 6, 0, 1, 5, 9, 15];0.000863517625;bad
[8, 14, 15, 0, 1, 3, 13, 5, 4, 6, 2, 12, 7, 9, 10, 11];0.00087091695;bad
[11, 6, 9, 10, 12, 8, 4, 15, 2, 7, 5, 1, 13, 3, 14, 0];0.000863317525;bad
[13, 14, 15, 6, 9, 8, 12, 11, 1, 3, 4, 2, 0, 10, 5, 7];0.0008666176;bad
[9, 3, 5, 6, 4, 14, 1, 8, 13, 7, 2, 10, 12, 0, 11, 15];0.00085981705;bad
[10, 0, 1, 3, 2, 13, 14, 5, 11, 15, 4, 6, 7, 9, 12, 8];0.000869117425;bad
[11, 13, 5, 10, 12, 7, 14, 3, 1, 9, 8, 2, 4, 15, 6, 0];0.000860817025;bad
[9, 6, 1, 5, 13, 12, 3, 2, 11, 0, 4, 8, 7, 10, 14, 15];0.00085831665;bad
[9, 13, 4, 1, 7, 3, 12, 6, 8, 10, 5, 2, 11, 15, 14, 0];0.000858816925;bad
[14, 13, 11, 3, 2, 12, 10, 1, 8, 4, 0, 15, 7, 5, 6, 9];0.000867116925;bad
[14, 5, 12, 4, 11, 8, 7, 0, 3, 13, 1, 10, 2, 15, 6, 9];0.000863616575;bad
[0, 4, 13, 15, 3, 8, 9, 14, 10, 6, 2, 7, 11, 12, 1, 5];0.000855317425;bad
[14, 12, 0, 13, 4, 1, 11, 15, 9, 5, 7, 10, 8, 2, 3, 6];0.000862816775;bad
[13, 1, 2, 12, 14, 10, 11, 5, 6, 8, 4, 3, 0, 15, 7, 9];0.00085281665;bad
[11, 8, 9, 5, 14, 0, 3, 13, 6, 2, 12, 10, 7, 15, 4, 1];0.000862216825;bad
[6, 11, 12, 15, 0, 2, 5, 8, 4, 1, 9, 10, 13, 14, 3, 7];0.000859517525;bad
[1, 14, 8, 10, 11, 6, 13, 0, 2, 12, 3, 7, 9, 4, 15, 5];0.00085691635;bad
[3, 5, 8, 14, 7, 9, 4, 12, 11, 2, 15, 1, 6, 13, 0, 10];0.000861517425;bad
[1, 15, 8, 11, 13, 3, 14, 0, 2, 5, 6, 9, 7, 10, 12, 4];0.000859616575;bad
[14, 11, 2, 10, 15, 1, 13, 4, 3, 12, 9, 8, 5, 0, 6, 7];0.00085641685;bad
[8, 3, 10, 12, 7, 2, 14, 5, 6, 0, 9, 15, 1, 13, 4, 11];0.000864416575;bad
[0, 4, 6, 9, 15, 8, 2, 3, 10, 11, 13, 12, 7, 5, 1, 14];0.000847618175;bad
[7, 6, 13, 8, 9, 0, 14, 4, 12, 2, 3, 15, 10, 1, 11, 5];0.0008607164;bad
[0, 11, 9, 4, 13, 3, 2, 1, 14, 15, 5, 6, 7, 12, 8, 10];0.00085441695;bad
[14, 3, 0, 12, 11, 8, 10, 7, 6, 9, 13, 4, 5, 1, 15, 2];0.000859216825;bad
[0, 1, 10, 6, 8, 13, 11, 4, 3, 9, 14, 7, 15, 12, 2, 5];0.00085681815;bad
[4, 9, 15, 7, 5, 0, 14, 11, 8, 2, 1, 13, 10, 3, 6, 12];0.0008601176;bad
[2, 6, 3, 8, 1, 13, 0, 14, 10, 15, 11, 9, 7, 5, 12, 4];0.000878917075;bad
[8, 15, 11, 6, 3, 7, 1, 4, 12, 0, 5, 2, 14, 9, 13, 10];0.0008632168;bad
[6, 7, 4, 0, 10, 2, 11, 1, 5, 8, 14, 15, 9, 13, 3, 12];0.00085271695;bad
[1, 4, 9, 7, 11, 12, 15, 8, 3, 14, 6, 10, 0, 13, 5, 2];0.0008539171;bad
[6, 9, 11, 2, 10, 5, 15, 4, 13, 1, 14, 7, 0, 3, 12, 8];0.000870115925;bad
[6, 8, 9, 4, 5, 11, 15, 14, 3, 12, 2, 0, 1, 13, 10, 7];0.000847018175;bad
[8, 4, 1, 10, 6, 7, 15, 9, 12, 14, 13, 2, 11, 5, 3, 0];0.000871816975;bad
[0, 3, 15, 11, 9, 4, 14, 5, 10, 8, 12, 1, 6, 13, 2, 7];0.0008578179;bad
[12, 8, 4, 5, 10, 7, 9, 1, 13, 0, 3, 6, 15, 2, 14, 11];0.000861917325;bad
[2, 5, 14, 7, 8, 1, 10, 13, 0, 15, 3, 9, 6, 11, 4, 12];0.000859716375;bad
[14, 3, 9, 12, 2, 1, 8, 6, 4, 13, 7, 15, 0, 11, 5, 10];0.000857417025;bad
[0, 15, 14, 12, 10, 5, 1, 3, 6, 2, 11, 8, 4, 9, 7, 13];0.000858417225;bad
[11, 0, 3, 9, 6, 14, 5, 8, 10, 15, 13, 7, 12, 2, 1, 4];0.000863116925;bad
[3, 0, 4, 6, 2, 8, 1, 15, 12, 5, 9, 14, 13, 11, 10, 7];0.000861517425;bad
[1, 8, 11, 0, 6, 10, 4, 2, 12, 5, 15, 9, 14, 7, 3, 13];0.0008676171;bad
[11, 13, 9, 14, 5, 10, 15, 0, 8, 4, 2, 7, 3, 1, 12, 6];0.000861716775;bad
[8, 10, 6, 9, 15, 13, 7, 12, 11, 14, 2, 3, 5, 0, 1, 4];0.00087491765;bad
[12, 9, 14, 1, 0, 13, 10, 2, 11, 7, 5, 6, 4, 3, 8, 15];0.000853717975;bad
[1, 5, 0, 4, 7, 13, 14, 8, 6, 11, 15, 12, 3, 9, 2, 10];0.000860216925;bad
[4, 10, 5, 8, 15, 0, 7, 6, 13, 12, 1, 9, 3, 2, 11, 14];0.000856417675;bad
[2, 5, 0, 9, 4, 3, 6, 14, 10, 7, 8, 15, 13, 12, 11, 1];0.000858817425;bad
[5, 8, 13, 14, 6, 2, 3, 7, 9, 1, 0, 15, 11, 10, 4, 12];0.00086701765;bad
[12, 11, 6, 3, 10, 13, 5, 1, 2, 8, 4, 0, 14, 9, 7, 15];0.000861117875;bad
[4, 8, 14, 12, 9, 0, 2, 3, 11, 7, 1, 5, 10, 6, 15, 13];0.0008619164;bad
[15, 1, 8, 12, 3, 13, 4, 7, 0, 5, 6, 10, 11, 14, 9, 2];0.00085881695;bad
[5, 15, 13, 6, 12, 1, 11, 2, 9, 7, 3, 10, 0, 4, 14, 8];0.000850717825;bad
[9, 15, 11, 14, 10, 1, 4, 13, 6, 3, 0, 7, 12, 5, 8, 2];0.000860417025;bad
[3, 7, 12, 15, 6, 2, 8, 4, 14, 5, 1, 11, 10, 13, 0, 9];0.0008564159;bad
[15, 13, 9, 14, 11, 12, 8, 0, 4, 1, 2, 10, 7, 6, 3, 5];0.000857818175;bad
[15, 5, 14, 7, 12, 8, 10, 1, 2, 6, 11, 13, 0, 4, 9, 3];0.000849718025;bad
[1, 5, 7, 4, 11, 12, 0, 15, 9, 6, 8, 13, 14, 3, 10, 2];0.0008587168;bad
[5, 12, 13, 2, 6, 15, 8, 9, 0, 4, 7, 3, 10, 14, 11, 1];0.00086001665;bad
[6, 4, 11, 8, 1, 7, 5, 12, 0, 3, 14, 15, 13, 2, 9, 10];0.000860017125;bad
[8, 7, 11, 9, 3, 5, 13, 0, 6, 2, 15, 14, 4, 12, 1, 10];0.000859716575;bad
[3, 1, 6, 7, 12, 15, 8, 4, 9, 5, 13, 14, 10, 2, 0, 11];0.000863617375;bad
[2, 9, 11, 13, 8, 10, 14, 3, 7, 12, 1, 5, 6, 0, 4, 15];0.000867716925;bad
[0, 4, 8, 14, 5, 10, 11, 12, 2, 9, 6, 15, 1, 7, 3, 13];0.000864517425;bad
[15, 11, 3, 4, 1, 8, 7, 5, 14, 10, 13, 6, 9, 0, 2, 12];0.0008486181;bad
[5, 1, 2, 13, 7, 6, 4, 3, 12, 14, 11, 15, 9, 0, 8, 10];0.000868016425;bad
[9, 13, 6, 10, 5, 1, 11, 12, 7, 4, 3, 8, 14, 15, 2, 0];0.00085631655;bad
[15, 11, 10, 5, 14, 12, 0, 1, 3, 8, 9, 2, 6, 13, 4, 7];0.000880117575;bad
[5, 10, 11, 9, 15, 4, 13, 6, 8, 2, 14, 0, 12, 3, 1, 7];0.000863017175;bad
[3, 13, 0, 12, 10, 11, 6, 1, 8, 15, 4, 7, 9, 2, 5, 14];0.00086111755;bad
[11, 12, 5, 10, 15, 9, 3, 8, 7, 14, 6, 1, 0, 2, 13, 4];0.00086551725;bad
[9, 15, 11, 6, 1, 10, 12, 8, 2, 5, 4, 14, 7, 0, 13, 3];0.000855117375;bad
[7, 3, 8, 9, 4, 14, 13, 15, 2, 10, 12, 1, 11, 5, 6, 0];0.0008563173;bad
[6, 5, 3, 14, 10, 12, 13, 7, 0, 4, 8, 2, 11, 1, 9, 15];0.000860817375;bad
[10, 1, 4, 8, 11, 5, 7, 9, 13, 12, 0, 15, 6, 3, 14, 2];0.0008500179;bad
[3, 14, 6, 2, 4, 9, 7, 0, 10, 8, 11, 12, 5, 15, 1, 13];0.000856616875;bad
[8, 0, 12, 9, 7, 13, 3, 15, 4, 6, 2, 10, 14, 11, 1, 5];0.000855417075;bad
[15, 14, 7, 12, 0, 3, 4, 5, 2, 8, 13, 10, 11, 9, 6, 1];0.0008541168;bad
[15, 1, 7, 9, 8, 10, 14, 13, 6, 2, 12, 5, 4, 11, 0, 3];0.00087091655;bad
[8, 5, 15, 7, 4, 0, 14, 1, 11, 2, 10, 9, 12, 13, 3, 6];0.00084981775;bad
[6, 12, 0, 2, 3, 13, 1, 4, 11, 7, 9, 14, 10, 15, 8, 5];0.0008671164;bad
[13, 8, 12, 1, 11, 4, 3, 14, 9, 10, 0, 7, 2, 6, 15, 5];0.00085231755;bad
[6, 10, 2, 3, 15, 7, 9, 0, 8, 5, 1, 14, 13, 11, 4, 12];0.000861217525;bad
[11, 0, 7, 9, 5, 12, 6, 14, 10, 4, 8, 13, 3, 2, 1, 15];0.000863117075;bad
[9, 14, 7, 12, 10, 6, 15, 1, 2, 0, 5, 13, 4, 11, 8, 3];0.000869517475;bad
[12, 13, 9, 6, 2, 4, 8, 7, 5, 14, 0, 15, 10, 3, 1, 11];0.000862517075;bad
[1, 4, 15, 11, 14, 5, 13, 2, 10, 12, 8, 7, 0, 6, 3, 9];0.00085901725;bad
[1, 13, 7, 5, 0, 14, 10, 8, 4, 6, 2, 12, 9, 11, 3, 15];0.00085901665;bad
[10, 2, 0, 14, 11, 13, 6, 8, 12, 7, 4, 5, 3, 9, 15, 1];0.000857217;bad
[10, 9, 7, 6, 3, 2, 14, 12, 5, 0, 15, 1, 11, 4, 8, 13];0.00086081715;bad
[8, 1, 10, 0, 5, 7, 9, 11, 13, 14, 15, 4, 2, 3, 12, 6];0.000873917625;bad
[4, 2, 7, 9, 1, 6, 10, 5, 14, 3, 15, 0, 13, 8, 11, 12];0.0008579168;bad
[12, 2, 4, 7, 0, 11, 14, 6, 1, 10, 3, 15, 5, 13, 9, 8];0.0008538178;bad
[12, 3, 13, 9, 6, 10, 2, 11, 7, 8, 5, 14, 0, 4, 1, 15];0.000855318425;bad
[4, 6, 10, 8, 5, 3, 0, 2, 12, 14, 11, 1, 7, 13, 9, 15];0.000854717125;bad
[6, 8, 2, 7, 12, 10, 0, 3, 4, 1, 5, 11, 15, 9, 13, 14];0.0008589169;bad
[1, 6, 7, 13, 0, 3, 5, 15, 14, 12, 2, 11, 8, 10, 4, 9];0.000859116775;bad
[12, 15, 6, 3, 8, 4, 7, 0, 1, 5, 14, 2, 11, 9, 10, 13];0.00085191835;bad
[9, 10, 2, 3, 14, 5, 13, 7, 15, 12, 6, 1, 0, 11, 4, 8];0.000861017475;bad
[8, 13, 2, 7, 3, 5, 4, 6, 11, 9, 14, 12, 15, 10, 0, 1];0.000868217825;bad
[8, 13, 3, 14, 5, 11, 15, 9, 0, 10, 6, 7, 12, 2, 1, 4];0.00086071745;bad
[12, 13, 6, 4, 5, 2, 3, 8, 14, 0, 9, 7, 10, 1, 15, 11];0.0008698166;bad
[9, 2, 8, 1, 7, 10, 11, 4, 3, 0, 13, 6, 15, 5, 14, 12];0.0008593173;bad
[15, 3, 11, 13, 10, 5, 0, 2, 8, 7, 14, 12, 1, 6, 9, 4];0.00085101735;bad
[14, 10, 5, 2, 12, 1, 7, 4, 9, 13, 8, 15, 6, 0, 3, 11];0.0008593178;bad
[12, 11, 15, 4, 14, 10, 13, 9, 2, 7, 3, 6, 0, 5, 1, 8];0.0008602176;bad
[2, 10, 4, 3, 8, 15, 6, 14, 12, 5, 13, 11, 1, 7, 0, 9];0.000641867475;bad
[8, 10, 12, 6, 15, 11, 7, 1, 14, 2, 4, 13, 3, 5, 0, 9];0.00064929195;bad
[0, 15, 7, 2, 4, 8, 9, 6, 11, 10, 5, 12, 14, 3, 1, 13];0.000638492675;bad
[11, 15, 8, 14, 7, 13, 2, 12, 1, 9, 5, 3, 6, 10, 0, 4];0.0006407424;bad
[15, 10, 2, 11, 0, 14, 1, 9, 8, 6, 13, 4, 5, 12, 7, 3];0.00064779185;bad
[12, 6, 3, 9, 7, 11, 1, 13, 14, 4, 10, 5, 8, 15, 2, 0];0.0006366168;bad
[12, 1, 2, 10, 11, 6, 0, 7, 8, 5, 3, 14, 9, 13, 4, 15];0.000637968125;bad
[10, 4, 6, 12, 9, 2, 14, 5, 7, 1, 11, 15, 3, 8, 0, 13];0.00064786655;bad
[2, 9, 6, 10, 11, 14, 5, 4, 13, 7, 12, 3, 8, 15, 0, 1];0.00064621825;bad
[3, 0, 4, 13, 12, 10, 9, 5, 7, 15, 2, 6, 14, 1, 11, 8];0.000658516625;bad
[15, 9, 10, 6, 0, 14, 8, 1, 4, 3, 2, 11, 7, 5, 13, 12];0.0006591168;bad
[15, 7, 12, 13, 1, 6, 14, 4, 10, 11, 0, 9, 2, 3, 5, 8];0.000644191275;bad
[3, 1, 8, 11, 2, 4, 12, 10, 6, 15, 14, 13, 5, 0, 7, 9];0.000655216975;bad
[6, 3, 10, 11, 1, 13, 0, 9, 4, 14, 8, 2, 5, 15, 7, 12];0.0006490665;bad
[14, 3, 5, 2, 8, 10, 15, 11, 7, 6, 0, 12, 4, 13, 9, 1];0.00064239265;bad
[11, 8, 2, 4, 10, 7, 3, 14, 13, 12, 6, 0, 1, 5, 9, 15];0.000647642625;bad
[8, 14, 15, 0, 1, 3, 13, 5, 4, 6, 2, 12, 7, 9, 10, 11];0.00065319195;bad
[11, 6, 9, 10, 12, 8, 4, 15, 2, 7, 5, 1, 13, 3, 14, 0];0.000647492525;bad
[13, 14, 15, 6, 9, 8, 12, 11, 1, 3, 4, 2, 0, 10, 5, 7];0.0006499676;bad
[9, 3, 5, 6, 4, 14, 1, 8, 13, 7, 2, 10, 12, 0, 11, 15];0.00064486705;bad
[10, 0, 1, 3, 2, 13, 14, 5, 11, 15, 4, 6, 7, 9, 12, 8];0.000651842425;bad
[11, 13, 5, 10, 12, 7, 14, 3, 1, 9, 8, 2, 4, 15, 6, 0];0.000645617025;bad
[9, 6, 1, 5, 13, 12, 3, 2, 11, 0, 4, 8, 7, 10, 14, 15];0.00064374165;bad
[9, 13, 4, 1, 7, 3, 12, 6, 8, 10, 5, 2, 11, 15, 14, 0];0.000644116925;bad
[14, 13, 11, 3, 2, 12, 10, 1, 8, 4, 0, 15, 7, 5, 6, 9];0.000650341925;bad
[14, 5, 12, 4, 11, 8, 7, 0, 3, 13, 1, 10, 2, 15, 6, 9];0.000647716575;bad
[0, 4, 13, 15, 3, 8, 9, 14, 10, 6, 2, 7, 11, 12, 1, 5];0.000641492425;bad
[14, 12, 0, 13, 4, 1, 11, 15, 9, 5, 7, 10, 8, 2, 3, 6];0.000647116775;bad
[13, 1, 2, 12, 14, 10, 11, 5, 6, 8, 4, 3, 0, 15, 7, 9];0.00063961665;bad
[11, 8, 9, 5, 14, 0, 3, 13, 6, 2, 12, 10, 7, 15, 4, 1];0.000646666825;bad
[6, 11, 12, 15, 0, 2, 5, 8, 4, 1, 9, 10, 13, 14, 3, 7];0.000644642525;bad
[1, 14, 8, 10, 11, 6, 13, 0, 2, 12, 3, 7, 9, 4, 15, 5];0.00064269135;bad
[3, 5, 8, 14, 7, 9, 4, 12, 11, 2, 15, 1, 6, 13, 0, 10];0.000646142425;bad
[1, 15, 8, 11, 13, 3, 14, 0, 2, 5, 6, 9, 7, 10, 12, 4];0.000644716575;bad
[14, 11, 2, 10, 15, 1, 13, 4, 3, 12, 9, 8, 5, 0, 6, 7];0.00064231685;bad
[8, 3, 10, 12, 7, 2, 14, 5, 6, 0, 9, 15, 1, 13, 4, 11];0.000648316575;bad
[0, 4, 6, 9, 15, 8, 2, 3, 10, 11, 13, 12, 7, 5, 1, 14];0.000635718175;bad
[7, 6, 13, 8, 9, 0, 14, 4, 12, 2, 3, 15, 10, 1, 11, 5];0.0006455414;bad
[0, 11, 9, 4, 13, 3, 2, 1, 14, 15, 5, 6, 7, 12, 8, 10];0.00064081695;bad
[14, 3, 0, 12, 11, 8, 10, 7, 6, 9, 13, 4, 5, 1, 15, 2];0.000644416825;bad
[0, 1, 10, 6, 8, 13, 11, 4, 3, 9, 14, 7, 15, 12, 2, 5];0.00064261815;bad
[4, 9, 15, 7, 5, 0, 14, 11, 8, 2, 1, 13, 10, 3, 6, 12];0.0006450926;bad
[2, 6, 3, 8, 1, 13, 0, 14, 10, 15, 11, 9, 7, 5, 12, 4];0.000659192075;bad
[8, 15, 11, 6, 3, 7, 1, 4, 12, 0, 5, 2, 14, 9, 13, 10];0.0006474168;bad
[6, 7, 4, 0, 10, 2, 11, 1, 5, 8, 14, 15, 9, 13, 3, 12];0.00063954195;bad
[1, 4, 9, 7, 11, 12, 15, 8, 3, 14, 6, 10, 0, 13, 5, 2];0.0006404421;bad
[6, 9, 11, 2, 10, 5, 15, 4, 13, 1, 14, 7, 0, 3, 12, 8];0.000652590925;bad
[6, 8, 9, 4, 5, 11, 15, 14, 3, 12, 2, 0, 1, 13, 10, 7];0.000635268175;bad
[8, 4, 1, 10, 6, 7, 15, 9, 12, 14, 13, 2, 11, 5, 3, 0];0.000653866975;bad
[0, 3, 15, 11, 9, 4, 14, 5, 10, 8, 12, 1, 6, 13, 2, 7];0.0006433679;bad
[12, 8, 4, 5, 10, 7, 9, 1, 13, 0, 3, 6, 15, 2, 14, 11];0.000646442325;bad
[2, 5, 14, 7, 8, 1, 10, 13, 0, 15, 3, 9, 6, 11, 4, 12];0.000644791375;bad
[14, 3, 9, 12, 2, 1, 8, 6, 4, 13, 7, 15, 0, 11, 5, 10];0.000643067025;bad
[0, 15, 14, 12, 10, 5, 1, 3, 6, 2, 11, 8, 4, 9, 7, 13];0.000643817225;bad
[11, 0, 3, 9, 6, 14, 5, 8, 10, 15, 13, 7, 12, 2, 1, 4];0.000647341925;bad
[3, 0, 4, 6, 2, 8, 1, 15, 12, 5, 9, 14, 13, 11, 10, 7];0.000646142425;bad
[1, 8, 11, 0, 6, 10, 4, 2, 12, 5, 15, 9, 14, 7, 3, 13];0.0006507171;bad
[11, 13, 9, 14, 5, 10, 15, 0, 8, 4, 2, 7, 3, 1, 12, 6];0.000646291775;bad
[8, 10, 6, 9, 15, 13, 7, 12, 11, 14, 2, 3, 5, 0, 1, 4];0.00065619265;bad
[12, 9, 14, 1, 0, 13, 10, 2, 11, 7, 5, 6, 4, 3, 8, 15];0.000640292975;bad
[1, 5, 0, 4, 7, 13, 14, 8, 6, 11, 15, 12, 3, 9, 2, 10];0.000645166925;bad
[4, 10, 5, 8, 15, 0, 7, 6, 13, 12, 1, 9, 3, 2, 11, 14];0.000642317675;bad
[2, 5, 0, 9, 4, 3, 6, 14, 10, 7, 8, 15, 13, 12, 11, 1];0.000644117425;bad
[5, 8, 13, 14, 6, 2, 3, 7, 9, 1, 0, 15, 11, 10, 4, 12];0.00065026765;bad
[12, 11, 6, 3, 10, 13, 5, 1, 2, 8, 4, 0, 14, 9, 7, 15];0.000645842875;bad
[4, 8, 14, 12, 9, 0, 2, 3, 11, 7, 1, 5, 10, 6, 15, 13];0.0006464414;bad
[15, 1, 8, 12, 3, 13, 4, 7, 0, 5, 6, 10, 11, 14, 9, 2];0.00064411695;bad
[5, 15, 13, 6, 12, 1, 11, 2, 9, 7, 3, 10, 0, 4, 14, 8];0.000638042825;bad
[9, 15, 11, 14, 10, 1, 4, 13, 6, 3, 0, 7, 12, 5, 8, 2];0.000645317025;bad
[3, 7, 12, 15, 6, 2, 8, 4, 14, 5, 1, 11, 10, 13, 0, 9];0.0006423159;bad
[15, 13, 9, 14, 11, 12, 8, 0, 4, 1, 2, 10, 7, 6, 3, 5];0.000643368175;bad
[15, 5, 14, 7, 12, 8, 10, 1, 2, 6, 11, 13, 0, 4, 9, 3];0.000637293025;bad
[1, 5, 7, 4, 11, 12, 0, 15, 9, 6, 8, 13, 14, 3, 10, 2];0.0006440418;bad
[5, 12, 13, 2, 6, 15, 8, 9, 0, 4, 7, 3, 10, 14, 11, 1];0.00064501665;bad
[6, 4, 11, 8, 1, 7, 5, 12, 0, 3, 14, 15, 13, 2, 9, 10];0.000645017125;bad
[8, 7, 11, 9, 3, 5, 13, 0, 6, 2, 15, 14, 4, 12, 1, 10];0.000644791575;bad
[2, 10, 4, 3, 8, 15, 6, 14, 12, 5, 13, 11, 1, 7, 0, 9];0.000427917475;bad
[8, 10, 12, 6, 15, 11, 7, 1, 14, 2, 4, 13, 3, 5, 0, 9];0.00043286695;bad
[0, 15, 7, 2, 4, 8, 9, 6, 11, 10, 5, 12, 14, 3, 1, 13];0.000425667675;bad
[11, 15, 8, 14, 7, 13, 2, 12, 1, 9, 5, 3, 6, 10, 0, 4];0.0004271674;bad
[15, 10, 2, 11, 0, 14, 1, 9, 8, 6, 13, 4, 5, 12, 7, 3];0.00043186685;bad
[12, 6, 3, 9, 7, 11, 1, 13, 14, 4, 10, 5, 8, 15, 2, 0];0.0004244168;bad
[12, 1, 2, 10, 11, 6, 0, 7, 8, 5, 3, 14, 9, 13, 4, 15];0.000425318125;bad
[10, 4, 6, 12, 9, 2, 14, 5, 7, 1, 11, 15, 3, 8, 0, 13];0.00043191655;bad
[2, 9, 6, 10, 11, 14, 5, 4, 13, 7, 12, 3, 8, 15, 0, 1];0.00043081825;bad
[3, 0, 4, 13, 12, 10, 9, 5, 7, 15, 2, 6, 14, 1, 11, 8];0.000439016625;bad
[15, 9, 10, 6, 0, 14, 8, 1, 4, 3, 2, 11, 7, 5, 13, 12];0.0004394168;bad
[15, 7, 12, 13, 1, 6, 14, 4, 10, 11, 0, 9, 2, 3, 5, 8];0.000429466275;bad
[3, 1, 8, 11, 2, 4, 12, 10, 6, 15, 14, 13, 5, 0, 7, 9];0.000436816975;bad
[6, 3, 10, 11, 1, 13, 0, 9, 4, 14, 8, 2, 5, 15, 7, 12];0.0004327165;bad
[14, 3, 5, 2, 8, 10, 15, 11, 7, 6, 0, 12, 4, 13, 9, 1];0.00042826765;bad
[11, 8, 2, 4, 10, 7, 3, 14, 13, 12, 6, 0, 1, 5, 9, 15];0.000431767625;bad
[8, 14, 15, 0, 1, 3, 13, 5, 4, 6, 2, 12, 7, 9, 10, 11];0.00043546695;bad
[2, 10, 4, 3, 8, 15, 6, 14, 12, 5, 13, 11, 1, 7, 0, 9];0.000427917475;bad
[8, 10, 12, 6, 15, 11, 7, 1, 14, 2, 4, 13, 3, 5, 0, 9];0.00043286695;bad
[0, 15, 7, 2, 4, 8, 9, 6, 11, 10, 5, 12, 14, 3, 1, 13];0.000425667675;bad
[11, 15, 8, 14, 7, 13, 2, 12, 1, 9, 5, 3, 6, 10, 0, 4];0.0004271674;bad
[15, 10, 2, 11, 0, 14, 1, 9, 8, 6, 13, 4, 5, 12, 7, 3];0.00043186685;bad
[12, 6, 3, 9, 7, 11, 1, 13, 14, 4, 10, 5, 8, 15, 2, 0];0.0004244168;bad
[2, 10, 4, 3, 8, 15, 6, 14, 12, 5, 13, 11, 1, 7, 0, 9];0.002962504825;bad
[2, 10, 4, 3, 8, 15, 6, 14, 12, 5, 13, 11, 1, 7, 0, 9];0.000296254825;bad
[8, 10, 12, 6, 15, 11, 7, 1, 14, 2, 4, 13, 3, 5, 0, 9];0.000307254825;bad
[0, 15, 7, 2, 4, 8, 9, 6, 11, 10, 5, 12, 14, 3, 1, 13];0.00029275495;bad
[11, 15, 8, 14, 7, 13, 2, 12, 1, 9, 5, 3, 6, 10, 0, 4];0.000305504575;bad
[15, 10, 2, 11, 0, 14, 1, 9, 8, 6, 13, 4, 5, 12, 7, 3];0.0003100043;bad
[12, 6, 3, 9, 7, 11, 1, 13, 14, 4, 10, 5, 8, 15, 2, 0];0.00030075435;bad
[12, 1, 2, 10, 11, 6, 0, 7, 8, 5, 3, 14, 9, 13, 4, 15];0.0002937553;bad
[10, 4, 6, 12, 9, 2, 14, 5, 7, 1, 11, 15, 3, 8, 0, 13];0.000314004625;bad
[2, 9, 6, 10, 11, 14, 5, 4, 13, 7, 12, 3, 8, 15, 0, 1];0.000304005125;bad
[3, 0, 4, 13, 12, 10, 9, 5, 7, 15, 2, 6, 14, 1, 11, 8];0.000321004575;bad
[15, 9, 10, 6, 0, 14, 8, 1, 4, 3, 2, 11, 7, 5, 13, 12];0.000321754525;bad
[15, 7, 12, 13, 1, 6, 14, 4, 10, 11, 0, 9, 2, 3, 5, 8];0.000301754425;bad
[3, 1, 8, 11, 2, 4, 12, 10, 6, 15, 14, 13, 5, 0, 7, 9];0.000322754475;bad
[6, 3, 10, 11, 1, 13, 0, 9, 4, 14, 8, 2, 5, 15, 7, 12];0.000303504625;bad
[14, 3, 5, 2, 8, 10, 15, 11, 7, 6, 0, 12, 4, 13, 9, 1];0.000300504925;bad
[11, 8, 2, 4, 10, 7, 3, 14, 13, 12, 6, 0, 1, 5, 9, 15];0.0003100049;bad
[8, 14, 15, 0, 1, 3, 13, 5, 4, 6, 2, 12, 7, 9, 10, 11];0.000306754825;bad
[11, 6, 9, 10, 12, 8, 4, 15, 2, 7, 5, 1, 13, 3, 14, 0];0.000307254925;bad
[13, 14, 15, 6, 9, 8, 12, 11, 1, 3, 4, 2, 0, 10, 5, 7];0.000297255125;bad
[9, 3, 5, 6, 4, 14, 1, 8, 13, 7, 2, 10, 12, 0, 11, 15];0.0002972549;bad
[10, 0, 1, 3, 2, 13, 14, 5, 11, 15, 4, 6, 7, 9, 12, 8];0.000312004675;bad
[11, 13, 5, 10, 12, 7, 14, 3, 1, 9, 8, 2, 4, 15, 6, 0];0.000301754775;bad
[9, 6, 1, 5, 13, 12, 3, 2, 11, 0, 4, 8, 7, 10, 14, 15];0.000299504675;bad
[9, 13, 4, 1, 7, 3, 12, 6, 8, 10, 5, 2, 11, 15, 14, 0];0.000302754625;bad
[14, 13, 11, 3, 2, 12, 10, 1, 8, 4, 0, 15, 7, 5, 6, 9];0.0003030045;bad
[14, 5, 12, 4, 11, 8, 7, 0, 3, 13, 1, 10, 2, 15, 6, 9];0.0003072549;bad
[0, 4, 13, 15, 3, 8, 9, 14, 10, 6, 2, 7, 11, 12, 1, 5];0.00030375445;bad
[14, 12, 0, 13, 4, 1, 11, 15, 9, 5, 7, 10, 8, 2, 3, 6];0.00031175435;bad
[13, 1, 2, 12, 14, 10, 11, 5, 6, 8, 4, 3, 0, 15, 7, 9];0.000294754775;bad
[11, 8, 9, 5, 14, 0, 3, 13, 6, 2, 12, 10, 7, 15, 4, 1];0.00030625455;bad
[6, 11, 12, 15, 0, 2, 5, 8, 4, 1, 9, 10, 13, 14, 3, 7];0.00030175455;bad
[1, 14, 8, 10, 11, 6, 13, 0, 2, 12, 3, 7, 9, 4, 15, 5];0.00030100465;bad
[3, 5, 8, 14, 7, 9, 4, 12, 11, 2, 15, 1, 6, 13, 0, 10];0.000302504775;bad
[1, 15, 8, 11, 13, 3, 14, 0, 2, 5, 6, 9, 7, 10, 12, 4];0.000313254275;bad
[14, 11, 2, 10, 15, 1, 13, 4, 3, 12, 9, 8, 5, 0, 6, 7];0.0002982549;bad
[8, 3, 10, 12, 7, 2, 14, 5, 6, 0, 9, 15, 1, 13, 4, 11];0.0003062546;bad
[0, 4, 6, 9, 15, 8, 2, 3, 10, 11, 13, 12, 7, 5, 1, 14];0.000287005;bad
[7, 6, 13, 8, 9, 0, 14, 4, 12, 2, 3, 15, 10, 1, 11, 5];0.0003040045;bad
[0, 11, 9, 4, 13, 3, 2, 1, 14, 15, 5, 6, 7, 12, 8, 10];0.00029475495;bad
[14, 3, 0, 12, 11, 8, 10, 7, 6, 9, 13, 4, 5, 1, 15, 2];0.000300004675;bad
[0, 1, 10, 6, 8, 13, 11, 4, 3, 9, 14, 7, 15, 12, 2, 5];0.0002927549;bad
[4, 9, 15, 7, 5, 0, 14, 11, 8, 2, 1, 13, 10, 3, 6, 12];0.00029975475;bad
[2, 6, 3, 8, 1, 13, 0, 14, 10, 15, 11, 9, 7, 5, 12, 4];0.000305754975;bad
[8, 15, 11, 6, 3, 7, 1, 4, 12, 0, 5, 2, 14, 9, 13, 10];0.00030600445;bad
[6, 7, 4, 0, 10, 2, 11, 1, 5, 8, 14, 15, 9, 13, 3, 12];0.000287754875;bad
[1, 4, 9, 7, 11, 12, 15, 8, 3, 14, 6, 10, 0, 13, 5, 2];0.000302004525;bad
[6, 9, 11, 2, 10, 5, 15, 4, 13, 1, 14, 7, 0, 3, 12, 8];0.000310754075;bad
[6, 8, 9, 4, 5, 11, 15, 14, 3, 12, 2, 0, 1, 13, 10, 7];0.0002875054;bad
[8, 4, 1, 10, 6, 7, 15, 9, 12, 14, 13, 2, 11, 5, 3, 0];0.0003145046;bad
[0, 3, 15, 11, 9, 4, 14, 5, 10, 8, 12, 1, 6, 13, 2, 7];0.000299255025;bad
[12, 8, 4, 5, 10, 7, 9, 1, 13, 0, 3, 6, 15, 2, 14, 11];0.0003035048;bad
[2, 5, 14, 7, 8, 1, 10, 13, 0, 15, 3, 9, 6, 11, 4, 12];0.0002962545;bad
[14, 3, 9, 12, 2, 1, 8, 6, 4, 13, 7, 15, 0, 11, 5, 10];0.0002982547;bad
[0, 15, 14, 12, 10, 5, 1, 3, 6, 2, 11, 8, 4, 9, 7, 13];0.000303504775;bad
[11, 0, 3, 9, 6, 14, 5, 8, 10, 15, 13, 7, 12, 2, 1, 4];0.00030325435;bad
[3, 0, 4, 6, 2, 8, 1, 15, 12, 5, 9, 14, 13, 11, 10, 7];0.0002920048;bad
[1, 8, 11, 0, 6, 10, 4, 2, 12, 5, 15, 9, 14, 7, 3, 13];0.000307004925;bad
[11, 13, 9, 14, 5, 10, 15, 0, 8, 4, 2, 7, 3, 1, 12, 6];0.000307004875;bad
[8, 10, 6, 9, 15, 13, 7, 12, 11, 14, 2, 3, 5, 0, 1, 4];0.000298255075;bad
[12, 9, 14, 1, 0, 13, 10, 2, 11, 7, 5, 6, 4, 3, 8, 15];0.000292505525;bad
[1, 5, 0, 4, 7, 13, 14, 8, 6, 11, 15, 12, 3, 9, 2, 10];0.000305754875;bad
[4, 10, 5, 8, 15, 0, 7, 6, 13, 12, 1, 9, 3, 2, 11, 14];0.000301004775;bad
[2, 5, 0, 9, 4, 3, 6, 14, 10, 7, 8, 15, 13, 12, 11, 1];0.000297004775;bad
[5, 8, 13, 14, 6, 2, 3, 7, 9, 1, 0, 15, 11, 10, 4, 12];0.000308754775;bad
[12, 11, 6, 3, 10, 13, 5, 1, 2, 8, 4, 0, 14, 9, 7, 15];0.0002990049;bad
[4, 8, 14, 12, 9, 0, 2, 3, 11, 7, 1, 5, 10, 6, 15, 13];0.000305254475;bad
[15, 1, 8, 12, 3, 13, 4, 7, 0, 5, 6, 10, 11, 14, 9, 2];0.000305004425;bad
[5, 15, 13, 6, 12, 1, 11, 2, 9, 7, 3, 10, 0, 4, 14, 8];0.000297254875;bad
[9, 15, 11, 14, 10, 1, 4, 13, 6, 3, 0, 7, 12, 5, 8, 2];0.0002970048;bad
[3, 7, 12, 15, 6, 2, 8, 4, 14, 5, 1, 11, 10, 13, 0, 9];0.00030475415;bad
[15, 13, 9, 14, 11, 12, 8, 0, 4, 1, 2, 10, 7, 6, 3, 5];0.000296504925;bad
[15, 5, 14, 7, 12, 8, 10, 1, 2, 6, 11, 13, 0, 4, 9, 3];0.000292005175;bad
[1, 5, 7, 4, 11, 12, 0, 15, 9, 6, 8, 13, 14, 3, 10, 2];0.000298754625;bad
[5, 12, 13, 2, 6, 15, 8, 9, 0, 4, 7, 3, 10, 14, 11, 1];0.0003015048;bad
[6, 4, 11, 8, 1, 7, 5, 12, 0, 3, 14, 15, 13, 2, 9, 10];0.00030125475;bad
[8, 7, 11, 9, 3, 5, 13, 0, 6, 2, 15, 14, 4, 12, 1, 10];0.000305754625;bad
[3, 1, 6, 7, 12, 15, 8, 4, 9, 5, 13, 14, 10, 2, 0, 11];0.000295005075;bad
[2, 9, 11, 13, 8, 10, 14, 3, 7, 12, 1, 5, 6, 0, 4, 15];0.000309754225;bad
[0, 4, 8, 14, 5, 10, 11, 12, 2, 9, 6, 15, 1, 7, 3, 13];0.000305005125;bad
[15, 11, 3, 4, 1, 8, 7, 5, 14, 10, 13, 6, 9, 0, 2, 12];0.0003032548;bad
[5, 1, 2, 13, 7, 6, 4, 3, 12, 14, 11, 15, 9, 0, 8, 10];0.000300754575;bad
[9, 13, 6, 10, 5, 1, 11, 12, 7, 4, 3, 8, 14, 15, 2, 0];0.0003092541;bad
[15, 11, 10, 5, 14, 12, 0, 1, 3, 8, 9, 2, 6, 13, 4, 7];0.000317254875;bad
[5, 10, 11, 9, 15, 4, 13, 6, 8, 2, 14, 0, 12, 3, 1, 7];0.000302004525;bad
[3, 13, 0, 12, 10, 11, 6, 1, 8, 15, 4, 7, 9, 2, 5, 14];0.00029875515;bad
[11, 12, 5, 10, 15, 9, 3, 8, 7, 14, 6, 1, 0, 2, 13, 4];0.00030150505;bad
[9, 15, 11, 6, 1, 10, 12, 8, 2, 5, 4, 14, 7, 0, 13, 3];0.00029650485;bad
[7, 3, 8, 9, 4, 14, 13, 15, 2, 10, 12, 1, 11, 5, 6, 0];0.000312504375;bad
[6, 5, 3, 14, 10, 12, 13, 7, 0, 4, 8, 2, 11, 1, 9, 15];0.00030825465;bad
[10, 1, 4, 8, 11, 5, 7, 9, 13, 12, 0, 15, 6, 3, 14, 2];0.000290255325;bad
[3, 14, 6, 2, 4, 9, 7, 0, 10, 8, 11, 12, 5, 15, 1, 13];0.00031000445;bad
[8, 0, 12, 9, 7, 13, 3, 15, 4, 6, 2, 10, 14, 11, 1, 5];0.000303754725;bad
[15, 14, 7, 12, 0, 3, 4, 5, 2, 8, 13, 10, 11, 9, 6, 1];0.0002967545;bad
[15, 1, 7, 9, 8, 10, 14, 13, 6, 2, 12, 5, 4, 11, 0, 3];0.000309004575;bad
[8, 5, 15, 7, 4, 0, 14, 1, 11, 2, 10, 9, 12, 13, 3, 6];0.000293754675;bad
[6, 12, 0, 2, 3, 13, 1, 4, 11, 7, 9, 14, 10, 15, 8, 5];0.00029700495;bad
[13, 8, 12, 1, 11, 4, 3, 14, 9, 10, 0, 7, 2, 6, 15, 5];0.00028625505;bad
[6, 10, 2, 3, 15, 7, 9, 0, 8, 5, 1, 14, 13, 11, 4, 12];0.000307754575;bad
[11, 0, 7, 9, 5, 12, 6, 14, 10, 4, 8, 13, 3, 2, 1, 15];0.000306254775;bad
[9, 14, 7, 12, 10, 6, 15, 1, 2, 0, 5, 13, 4, 11, 8, 3];0.00030025465;bad
[12, 13, 9, 6, 2, 4, 8, 7, 5, 14, 0, 15, 10, 3, 1, 11];0.000310504675;bad
[1, 4, 15, 11, 14, 5, 13, 2, 10, 12, 8, 7, 0, 6, 3, 9];0.00030600475;bad
[1, 13, 7, 5, 0, 14, 10, 8, 4, 6, 2, 12, 9, 11, 3, 15];0.0003037549;bad
[10, 2, 0, 14, 11, 13, 6, 8, 12, 7, 4, 5, 3, 9, 15, 1];0.00029900485;bad
[10, 9, 7, 6, 3, 2, 14, 12, 5, 0, 15, 1, 11, 4, 8, 13];0.00030625475;bad
[8, 1, 10, 0, 5, 7, 9, 11, 13, 14, 15, 4, 2, 3, 12, 6];0.00031000455;bad
[4, 2, 7, 9, 1, 6, 10, 5, 14, 3, 15, 0, 13, 8, 11, 12];0.0003020048;bad
[12, 2, 4, 7, 0, 11, 14, 6, 1, 10, 3, 15, 5, 13, 9, 8];0.000309754975;bad
[12, 3, 13, 9, 6, 10, 2, 11, 7, 8, 5, 14, 0, 4, 1, 15];0.00029700485;bad
[4, 6, 10, 8, 5, 3, 0, 2, 12, 14, 11, 1, 7, 13, 9, 15];0.000300004675;bad
[6, 8, 2, 7, 12, 10, 0, 3, 4, 1, 5, 11, 15, 9, 13, 14];0.000298755;bad
[1, 6, 7, 13, 0, 3, 5, 15, 14, 12, 2, 11, 8, 10, 4, 9];0.000306254575;bad
[12, 15, 6, 3, 8, 4, 7, 0, 1, 5, 14, 2, 11, 9, 10, 13];0.0003080046;bad
[9, 10, 2, 3, 14, 5, 13, 7, 15, 12, 6, 1, 0, 11, 4, 8];0.000300255;bad
[8, 13, 2, 7, 3, 5, 4, 6, 11, 9, 14, 12, 15, 10, 0, 1];0.00030375505;bad
[8, 13, 3, 14, 5, 11, 15, 9, 0, 10, 6, 7, 12, 2, 1, 4];0.0003075047;bad
[12, 13, 6, 4, 5, 2, 3, 8, 14, 0, 9, 7, 10, 1, 15, 11];0.0003200043;bad
[9, 2, 8, 1, 7, 10, 11, 4, 3, 0, 13, 6, 15, 5, 14, 12];0.000310504275;bad
[15, 3, 11, 13, 10, 5, 0, 2, 8, 7, 14, 12, 1, 6, 9, 4];0.000292254775;bad
[14, 10, 5, 2, 12, 1, 7, 4, 9, 13, 8, 15, 6, 0, 3, 11];0.000294754975;bad
[12, 11, 15, 4, 14, 10, 13, 9, 2, 7, 3, 6, 0, 5, 1, 8];0.000293754825;bad
[3, 9, 7, 6, 0, 14, 10, 1, 8, 11, 12, 4, 13, 15, 2, 5];0.000298254525;bad
[2, 9, 8, 1, 4, 6, 3, 10, 0, 12, 11, 15, 13, 14, 7, 5];0.000306504575;bad
[8, 10, 12, 13, 2, 11, 14, 0, 6, 4, 9, 15, 7, 1, 3, 5];0.0002987551;bad
[5, 8, 2, 1, 14, 11, 9, 12, 4, 15, 3, 10, 6, 13, 0, 7];0.000288754775;bad
[9, 6, 0, 12, 13, 7, 10, 3, 8, 5, 4, 2, 15, 11, 1, 14];0.000306504625;bad
[13, 14, 12, 4, 2, 6, 9, 3, 0, 1, 15, 5, 10, 8, 7, 11];0.00030250445;bad
[2, 7, 5, 1, 11, 15, 10, 0, 6, 12, 8, 13, 9, 4, 14, 3];0.000305754475;bad
[14, 4, 2, 7, 0, 5, 11, 15, 13, 1, 6, 9, 12, 8, 10, 3];0.0003067547;bad
[15, 12, 13, 4, 1, 8, 11, 3, 7, 5, 0, 10, 6, 2, 9, 14];0.000309754425;bad
[5, 15, 3, 8, 14, 6, 0, 13, 12, 7, 2, 10, 11, 4, 9, 1];0.0003122543;bad
[3, 14, 2, 7, 15, 0, 4, 6, 10, 1, 13, 9, 11, 8, 12, 5];0.00029900485;bad
[2, 3, 13, 14, 11, 6, 10, 1, 12, 4, 9, 8, 0, 7, 5, 15];0.000302755025;bad
[13, 0, 2, 4, 9, 3, 11, 8, 14, 7, 1, 12, 10, 5, 6, 15];0.00031900435;bad
[10, 3, 14, 12, 7, 8, 2, 9, 1, 13, 4, 11, 15, 6, 0, 5];0.000298004425;bad
[11, 14, 9, 5, 0, 12, 1, 8, 10, 2, 3, 4, 13, 6, 15, 7];0.0002967547;bad
[13, 4, 14, 5, 6, 9, 12, 7, 1, 11, 10, 8, 15, 2, 0, 3];0.0003010046;bad
[4, 9, 8, 11, 13, 15, 6, 10, 2, 7, 1, 14, 3, 12, 5, 0];0.000313754025;bad
[0, 1, 7, 6, 5, 14, 11, 8, 9, 12, 15, 2, 4, 3, 10, 13];0.000299754775;bad
[12, 15, 9, 5, 4, 2, 0, 8, 6, 3, 13, 1, 14, 11, 7, 10];0.0003060048;bad
[11, 10, 4, 8, 5, 7, 12, 13, 15, 6, 1, 2, 14, 0, 9, 3];0.00030050475;bad
[15, 12, 3, 4, 14, 9, 0, 1, 13, 2, 10, 8, 5, 6, 11, 7];0.0002970053;bad
[12, 14, 0, 13, 7, 15, 9, 8, 6, 1, 3, 11, 4, 5, 10, 2];0.00029875505;bad
[4, 15, 9, 7, 10, 3, 14, 1, 13, 6, 11, 0, 5, 8, 2, 12];0.0003005049;bad
[2, 11, 3, 15, 6, 9, 12, 0, 8, 4, 5, 13, 10, 7, 14, 1];0.00029100495;bad
[0, 9, 1, 6, 3, 12, 15, 14, 5, 7, 10, 4, 2, 13, 8, 11];0.000299254725;bad
[12, 10, 6, 1, 15, 4, 9, 8, 14, 3, 11, 5, 7, 13, 0, 2];0.0003032549;bad
[13, 0, 9, 8, 2, 3, 4, 15, 7, 5, 11, 6, 14, 10, 1, 12];0.000294505025;bad
[1, 7, 0, 5, 6, 15, 12, 14, 8, 3, 10, 9, 2, 11, 13, 4];0.00030575475;bad
[10, 2, 4, 7, 6, 3, 1, 12, 15, 5, 9, 13, 11, 0, 8, 14];0.00029700485;bad
[12, 3, 4, 5, 15, 0, 6, 7, 10, 9, 2, 14, 8, 11, 1, 13];0.000298254575;bad
[11, 2, 4, 5, 3, 0, 7, 12, 8, 1, 10, 13, 9, 6, 15, 14];0.00030550465;bad
[14, 1, 9, 13, 4, 6, 15, 10, 2, 7, 11, 0, 8, 3, 12, 5];0.000305754525;bad
[7, 6, 1, 11, 8, 4, 9, 14, 3, 10, 13, 0, 15, 2, 12, 5];0.0003032548;bad
[4, 12, 0, 2, 1, 8, 6, 5, 7, 15, 9, 14, 13, 3, 11, 10];0.000290755175;bad
[7, 3, 6, 11, 5, 0, 9, 2, 1, 12, 13, 8, 10, 14, 15, 4];0.0002947542;bad
[9, 0, 2, 4, 6, 11, 15, 7, 8, 3, 5, 14, 12, 13, 1, 10];0.00030400435;bad
[4, 9, 13, 14, 1, 15, 11, 5, 12, 8, 10, 0, 2, 7, 6, 3];0.00030525405;bad
[13, 2, 15, 7, 9, 5, 3, 6, 0, 4, 1, 8, 14, 10, 12, 11];0.00030175495;bad
[9, 5, 0, 2, 14, 12, 1, 8, 15, 7, 13, 10, 4, 11, 6, 3];0.0002912548;bad
[13, 9, 0, 11, 15, 3, 1, 2, 8, 12, 6, 5, 7, 10, 4, 14];0.000301005;bad
[4, 0, 15, 3, 10, 2, 9, 14, 1, 7, 8, 12, 13, 6, 5, 11];0.00029800485;bad
[4, 14, 0, 8, 7, 10, 12, 6, 5, 9, 3, 2, 1, 15, 13, 11];0.0003002549;bad
[13, 15, 11, 3, 0, 1, 10, 2, 12, 9, 6, 14, 7, 4, 5, 8];0.00031200455;bad
[14, 4, 9, 1, 0, 2, 15, 6, 11, 12, 3, 7, 8, 5, 13, 10];0.00029275475;bad
[11, 9, 0, 6, 7, 4, 1, 3, 2, 12, 14, 5, 13, 8, 10, 15];0.0003087541;bad
[6, 12, 1, 15, 2, 5, 7, 3, 13, 14, 8, 11, 9, 0, 10, 4];0.000304004425;bad
[12, 7, 9, 11, 5, 4, 13, 14, 6, 3, 1, 2, 15, 8, 0, 10];0.0002932556;bad
[13, 14, 4, 15, 12, 0, 9, 5, 1, 2, 11, 6, 10, 8, 7, 3];0.00031000435;bad
[0, 7, 14, 4, 13, 9, 1, 8, 3, 6, 15, 2, 12, 5, 10, 11];0.000309505;bad
[9, 15, 13, 7, 12, 8, 6, 1, 11, 10, 0, 5, 14, 4, 3, 2];0.0002935049;bad
[0, 6, 9, 4, 10, 3, 1, 2, 15, 7, 11, 8, 13, 14, 5, 12];0.0003100046;bad
[3, 7, 4, 5, 11, 2, 13, 1, 14, 0, 8, 9, 15, 10, 6, 12];0.000303005075;bad
[11, 1, 5, 15, 14, 3, 10, 7, 2, 9, 8, 13, 12, 6, 4, 0];0.000304254975;bad
[6, 10, 13, 14, 11, 3, 2, 1, 0, 9, 4, 7, 8, 5, 15, 12];0.000293755;bad
[5, 15, 9, 0, 7, 10, 2, 14, 3, 4, 8, 1, 13, 6, 11, 12];0.0003110045;bad
[11, 5, 3, 4, 8, 1, 15, 0, 10, 14, 2, 9, 13, 6, 12, 7];0.00030325495;bad
[11, 9, 7, 0, 12, 8, 5, 3, 13, 10, 2, 15, 1, 4, 14, 6];0.000298755075;bad
[4, 3, 15, 12, 9, 6, 14, 10, 8, 5, 7, 2, 11, 1, 13, 0];0.00030500435;bad
[10, 4, 8, 12, 15, 5, 9, 11, 1, 14, 6, 13, 0, 7, 2, 3];0.000307754725;bad
[8, 11, 5, 10, 3, 7, 13, 14, 0, 4, 1, 12, 6, 2, 9, 15];0.00030600475;bad
[13, 9, 14, 10, 11, 3, 15, 5, 8, 1, 12, 2, 7, 6, 0, 4];0.0002930054;bad
[4, 3, 10, 5, 14, 8, 0, 11, 12, 15, 13, 1, 6, 2, 7, 9];0.000309004525;bad
[11, 13, 15, 4, 8, 3, 9, 12, 2, 14, 5, 6, 10, 7, 0, 1];0.0003050049;bad
[4, 6, 14, 10, 15, 3, 0, 11, 7, 13, 8, 9, 2, 12, 5, 1];0.000291505375;bad
[5, 1, 8, 11, 0, 7, 12, 4, 15, 3, 6, 2, 9, 14, 13, 10];0.00030100495;bad
[3, 0, 9, 4, 1, 11, 13, 5, 10, 8, 7, 6, 14, 12, 2, 15];0.0003015042;bad
[2, 6, 9, 15, 8, 14, 1, 13, 0, 7, 5, 4, 3, 12, 10, 11];0.000296504875;bad
[7, 5, 12, 13, 2, 11, 0, 6, 10, 4, 3, 8, 15, 9, 14, 1];0.0003055047;bad
[15, 1, 0, 4, 9, 11, 8, 10, 6, 7, 14, 13, 5, 12, 3, 2];0.000298005075;bad
[11, 1, 8, 13, 15, 12, 4, 7, 6, 10, 9, 14, 2, 0, 5, 3];0.000302254675;bad
[0, 6, 14, 2, 1, 5, 10, 15, 11, 12, 3, 4, 8, 9, 13, 7];0.0002972549;bad
[2, 1, 0, 15, 5, 14, 8, 10, 12, 3, 4, 6, 7, 9, 13, 11];0.000297504875;bad
[13, 14, 6, 1, 3, 12, 2, 0, 10, 7, 8, 11, 9, 5, 15, 4];0.0003082548;bad
[13, 1, 15, 14, 7, 11, 0, 3, 10, 5, 2, 12, 9, 4, 8, 6];0.0003015051;bad
[12, 10, 8, 7, 9, 14, 13, 15, 2, 0, 6, 11, 5, 3, 4, 1];0.000296004725;bad
[14, 3, 0, 7, 4, 15, 13, 9, 2, 8, 12, 6, 11, 1, 5, 10];0.0003002548;bad
[12, 7, 15, 4, 14, 6, 3, 0, 8, 5, 2, 11, 1, 9, 10, 13];0.000298754825;bad
[3, 15, 5, 4, 12, 1, 7, 11, 8, 6, 0, 2, 10, 13, 14, 9];0.000306004375;bad
[5, 7, 11, 6, 12, 4, 1, 9, 8, 13, 14, 10, 0, 2, 3, 15];0.000309004325;bad
[6, 9, 5, 7, 0, 1, 4, 10, 15, 13, 3, 12, 11, 8, 2, 14];0.0003012549;bad
[13, 5, 2, 6, 4, 11, 9, 14, 15, 7, 8, 1, 0, 10, 3, 12];0.000296255;bad
[2, 12, 4, 6, 5, 13, 15, 14, 7, 3, 11, 9, 0, 10, 1, 8];0.00030100455;bad
[10, 2, 4, 12, 15, 8, 11, 14, 5, 0, 9, 1, 3, 6, 13, 7];0.00030950485;bad
[8, 4, 10, 0, 5, 15, 1, 3, 2, 13, 12, 11, 9, 7, 6, 14];0.000302004675;bad
[11, 8, 12, 10, 6, 13, 4, 7, 14, 9, 1, 15, 5, 3, 2, 0];0.000297754725;bad
